Using pre-set license
Built from '2022.3/release' branch; Version is '2022.3.18f1 (d29bea25151d) revision 13802474'; Using compiler version '192829333'; Build Type 'Release'
OS: 'Windows 10  (10.0.19045) 64bit Professional' Language: 'ru' Physical Memory: 16320 MB
BatchMode: 1, IsHumanControllingUs: 0, StartBugReporterOnCrash: 0, Is64bit: 1, IsPro: 1

COMMAND LINE ARGUMENTS:
C:\Program Files\Unity\Hub\Editor\2022.3.18f1\Editor\Unity.exe
-adb2
-batchMode
-noUpm
-name
AssetImportWorker0
-projectPath
C:/Users/Alexey/Unity Projects/Platformer
-logFile
Logs/AssetImportWorker0.log
-srvPort
57113
Successfully changed project path to: C:/Users/Alexey/Unity Projects/Platformer
C:/Users/Alexey/Unity Projects/Platformer
[UnityMemory] Configuration Parameters - Can be set up in boot.config
    "memorysetup-bucket-allocator-granularity=16"
    "memorysetup-bucket-allocator-bucket-count=8"
    "memorysetup-bucket-allocator-block-size=33554432"
    "memorysetup-bucket-allocator-block-count=8"
    "memorysetup-main-allocator-block-size=16777216"
    "memorysetup-thread-allocator-block-size=16777216"
    "memorysetup-gfx-main-allocator-block-size=16777216"
    "memorysetup-gfx-thread-allocator-block-size=16777216"
    "memorysetup-cache-allocator-block-size=4194304"
    "memorysetup-typetree-allocator-block-size=2097152"
    "memorysetup-profiler-bucket-allocator-granularity=16"
    "memorysetup-profiler-bucket-allocator-bucket-count=8"
    "memorysetup-profiler-bucket-allocator-block-size=33554432"
    "memorysetup-profiler-bucket-allocator-block-count=8"
    "memorysetup-profiler-allocator-block-size=16777216"
    "memorysetup-profiler-editor-allocator-block-size=1048576"
    "memorysetup-temp-allocator-size-main=16777216"
    "memorysetup-job-temp-allocator-block-size=2097152"
    "memorysetup-job-temp-allocator-block-size-background=1048576"
    "memorysetup-job-temp-allocator-reduction-small-platforms=262144"
    "memorysetup-allocator-temp-initial-block-size-main=262144"
    "memorysetup-allocator-temp-initial-block-size-worker=262144"
    "memorysetup-temp-allocator-size-background-worker=32768"
    "memorysetup-temp-allocator-size-job-worker=262144"
    "memorysetup-temp-allocator-size-preload-manager=33554432"
    "memorysetup-temp-allocator-size-nav-mesh-worker=65536"
    "memorysetup-temp-allocator-size-audio-worker=65536"
    "memorysetup-temp-allocator-size-cloud-worker=32768"
    "memorysetup-temp-allocator-size-gi-baking-worker=262144"
    "memorysetup-temp-allocator-size-gfx=262144"
Player connection [2296] Host "[IP] 192.168.4.51 [Port] 0 [Flags] 2 [Guid] 1917373282 [EditorId] 1917373282 [Version] 1048832 [Id] WindowsEditor(7,ALEXEY) [Debug] 1 [PackageName] WindowsEditor [ProjectName] Editor" joined multi-casting on [225.0.0.222:54997]...

Player connection [2296] Host "[IP] 192.168.4.51 [Port] 0 [Flags] 2 [Guid] 1917373282 [EditorId] 1917373282 [Version] 1048832 [Id] WindowsEditor(7,ALEXEY) [Debug] 1 [PackageName] WindowsEditor [ProjectName] Editor" joined alternative multi-casting on [225.0.0.222:34997]...

[Physics::Module] Initialized MultithreadedJobDispatcher with 3 workers.
Refreshing native plugins compatible for Editor in 53.23 ms, found 4 plugins.
Preloading 0 native plugins for Editor in 0.00 ms.
Initialize engine version: 2022.3.18f1 (d29bea25151d)
[Subsystems] Discovering subsystems at path C:/Program Files/Unity/Hub/Editor/2022.3.18f1/Editor/Data/Resources/UnitySubsystems
[Subsystems] Discovering subsystems at path C:/Users/Alexey/Unity Projects/Platformer/Assets
GfxDevice: creating device client; threaded=0; jobified=0
Direct3D:
    Version:  Direct3D 11.0 [level 11.1]
    Renderer: NVIDIA GeForce GTX 1060 6GB (ID=0x1b83)
    Vendor:   NVIDIA
    VRAM:     6044 MB
    Driver:   31.0.15.4633
Initialize mono
Mono path[0] = 'C:/Program Files/Unity/Hub/Editor/2022.3.18f1/Editor/Data/Managed'
Mono path[1] = 'C:/Program Files/Unity/Hub/Editor/2022.3.18f1/Editor/Data/MonoBleedingEdge/lib/mono/unityjit-win32'
Mono config path = 'C:/Program Files/Unity/Hub/Editor/2022.3.18f1/Editor/Data/MonoBleedingEdge/etc'
Using monoOptions --debugger-agent=transport=dt_socket,embedding=1,server=y,suspend=n,address=127.0.0.1:56816
Begin MonoManager ReloadAssembly
Registering precompiled unity dll's ...
Register platform support module: C:/Program Files/Unity/Hub/Editor/2022.3.18f1/Editor/Data/PlaybackEngines/AndroidPlayer/UnityEditor.Android.Extensions.dll
Register platform support module: C:/Program Files/Unity/Hub/Editor/2022.3.18f1/Editor/Data/PlaybackEngines/iOSSupport/UnityEditor.iOS.Extensions.dll
Register platform support module: C:/Program Files/Unity/Hub/Editor/2022.3.18f1/Editor/Data/PlaybackEngines/WindowsStandaloneSupport/UnityEditor.WindowsStandalone.Extensions.dll
Registered in 0.022783 seconds.
- Loaded All Assemblies, in  0.710 seconds
Native extension for WindowsStandalone target not found
[usbmuxd] Start listen thread
[usbmuxd] Listen thread started
[usbmuxd] Send listen message
Native extension for iOS target not found
Native extension for Android target not found
Android Extension - Scanning For ADB Devices 511 ms
Mono: successfully reloaded assembly
- Finished resetting the current domain, in  1.052 seconds
Domain Reload Profiling: 1759ms
	BeginReloadAssembly (288ms)
		ExecutionOrderSort (0ms)
		DisableScriptedObjects (0ms)
		BackupInstance (0ms)
		ReleaseScriptingObjects (0ms)
		CreateAndSetChildDomain (1ms)
	RebuildCommonClasses (54ms)
	RebuildNativeTypeToScriptingClass (17ms)
	initialDomainReloadingComplete (101ms)
	LoadAllAssembliesAndSetupDomain (247ms)
		LoadAssemblies (287ms)
		RebuildTransferFunctionScriptingTraits (0ms)
		AnalyzeDomain (243ms)
			TypeCache.Refresh (241ms)
				TypeCache.ScanAssembly (220ms)
			ScanForSourceGeneratedMonoScriptInfo (1ms)
			ResolveRequiredComponents (1ms)
	FinalizeReload (1052ms)
		ReleaseScriptCaches (0ms)
		RebuildScriptCaches (0ms)
		SetupLoadedEditorAssemblies (968ms)
			LogAssemblyErrors (0ms)
			InitializePlatformSupportModulesInManaged (694ms)
			SetLoadedEditorAssemblies (6ms)
			RefreshPlugins (0ms)
			BeforeProcessingInitializeOnLoad (3ms)
			ProcessInitializeOnLoadAttributes (151ms)
			ProcessInitializeOnLoadMethodAttributes (112ms)
			AfterProcessingInitializeOnLoad (0ms)
			EditorAssembliesLoaded (0ms)
		ExecutionOrderSort2 (0ms)
		AwakeInstancesAfterBackupRestoration (0ms)
========================================================================
Worker process is ready to serve import requests
Begin MonoManager ReloadAssembly
- Loaded All Assemblies, in  1.058 seconds
Refreshing native plugins compatible for Editor in 6.12 ms, found 4 plugins.
Native extension for WindowsStandalone target not found
Native extension for iOS target not found
Native extension for Android target not found
Package Manager log level set to [2]
[Package Manager] Server::EnsureServerProcessIsRunning -- launch failed, reason: Unity was launched with the -noUpm command-line argument
[Package Manager] UpmClient::Send -- Unable to send message (not connected to UPM process).
[Package Manager] Cannot connect to Unity Package Manager local server
Mono: successfully reloaded assembly
- Finished resetting the current domain, in  1.120 seconds
Domain Reload Profiling: 2171ms
	BeginReloadAssembly (184ms)
		ExecutionOrderSort (0ms)
		DisableScriptedObjects (7ms)
		BackupInstance (0ms)
		ReleaseScriptingObjects (0ms)
		CreateAndSetChildDomain (25ms)
	RebuildCommonClasses (41ms)
	RebuildNativeTypeToScriptingClass (13ms)
	initialDomainReloadingComplete (54ms)
	LoadAllAssembliesAndSetupDomain (758ms)
		LoadAssemblies (571ms)
		RebuildTransferFunctionScriptingTraits (0ms)
		AnalyzeDomain (299ms)
			TypeCache.Refresh (245ms)
				TypeCache.ScanAssembly (221ms)
			ScanForSourceGeneratedMonoScriptInfo (40ms)
			ResolveRequiredComponents (13ms)
	FinalizeReload (1121ms)
		ReleaseScriptCaches (0ms)
		RebuildScriptCaches (0ms)
		SetupLoadedEditorAssemblies (903ms)
			LogAssemblyErrors (0ms)
			InitializePlatformSupportModulesInManaged (45ms)
			SetLoadedEditorAssemblies (6ms)
			RefreshPlugins (0ms)
			BeforeProcessingInitializeOnLoad (115ms)
			ProcessInitializeOnLoadAttributes (642ms)
			ProcessInitializeOnLoadMethodAttributes (85ms)
			AfterProcessingInitializeOnLoad (9ms)
			EditorAssembliesLoaded (0ms)
		ExecutionOrderSort2 (0ms)
		AwakeInstancesAfterBackupRestoration (10ms)
Launched and connected shader compiler UnityShaderCompiler.exe after 0.07 seconds
Refreshing native plugins compatible for Editor in 6.62 ms, found 4 plugins.
Preloading 0 native plugins for Editor in 0.00 ms.
Unloading 5969 Unused Serialized files (Serialized files now loaded: 0)
Unloading 115 unused Assets / (1.0 MB). Loaded Objects now: 6423.
Memory consumption went from 237.1 MB to 236.2 MB.
Total: 5.035200 ms (FindLiveObjects: 0.513300 ms CreateObjectMapping: 0.514500 ms MarkObjects: 3.501800 ms  DeleteObjects: 0.504600 ms)

AssetImportParameters requested are different than current active one (requested -> active):
  custom:container-demuxer-ogg: 62fdf1f143b41e24485cea50d1cbac27 -> 
  custom:video-decoder-ogg-theora: a1e56fd34408186e4bbccfd4996cb3dc -> 
  custom:framework-win-MediaFoundation: 216162199b28c13a410421893ffa2e32 -> 
  custom:CustomObjectIndexerAttribute: 62b5816608c3102f162a1797e29626cf -> 
  custom:container-demuxer-webm: 4f35f7cbe854078d1ac9338744f61a02 -> 
  custom:container-muxer-webm: aa71ff27fc2769a1b78a27578f13a17b -> 
  custom:video-decoder-webm-vp8: 9c59270c3fd7afecdb556c50c9e8de78 -> 
  custom:SearchIndexIgnoredProperties: e643bd26f0fe6173181afceb89e7c659 -> 
  custom:AudioImporter_EditorPlatform: d09bf68614088b80899f8185d706f6e7 -> 
  custom:video-encoder-webm-vp8: eb34c28f22e8b96e1ab97ce403110664 -> 
  custom:audio-decoder-ogg-vorbis: bf7c407c2cedff20999df2af8eb42d56 -> 
  custom:audio-encoder-webm-vorbis: bf7c407c2cedff20999df2af8eb42d56 -> 
========================================================================
Received Import Request.
  Time since last request: 173280.817258 seconds.
  path: Assets/Nature Sounds Pack
  artifactKey: Guid(289b7ba9ca2056e4ab9606e496d2a778) Importer(815301076,1909f56bfc062723c751e8b465ee728b)
Start importing Assets/Nature Sounds Pack using Guid(289b7ba9ca2056e4ab9606e496d2a778) Importer(815301076,1909f56bfc062723c751e8b465ee728b)  -> (artifact id: '45e69d8419431d01815aaa7e3dadebd4') in 0.004432 seconds
Number of updated asset objects reloaded before import = 0
Number of asset objects unloaded after import = 0
========================================================================
Received Import Request.
  Time since last request: 7.608300 seconds.
  path: Assets/Nature Sounds Pack/Footstep/FootstepGrass01.wav
  artifactKey: Guid(9d02685940b92b2428ee583efb3856a8) Importer(815301076,1909f56bfc062723c751e8b465ee728b)
Start importing Assets/Nature Sounds Pack/Footstep/FootstepGrass01.wav using Guid(9d02685940b92b2428ee583efb3856a8) Importer(815301076,1909f56bfc062723c751e8b465ee728b)  -> (artifact id: '712650e6bc4ecf7063530d7a4158cc9c') in 0.091304 seconds
Number of updated asset objects reloaded before import = 0
Number of asset objects unloaded after import = 2
========================================================================
Received Import Request.
  Time since last request: 40.167895 seconds.
  path: Assets/8 Bit Retro Rampage Free/explosions/explosion_short_blip_rnd_01.wav
  artifactKey: Guid(52c6a9d340e42ce49bb2d28ec9b6ec42) Importer(815301076,1909f56bfc062723c751e8b465ee728b)
Start importing Assets/8 Bit Retro Rampage Free/explosions/explosion_short_blip_rnd_01.wav using Guid(52c6a9d340e42ce49bb2d28ec9b6ec42) Importer(815301076,1909f56bfc062723c751e8b465ee728b)  -> (artifact id: 'ab763bcf379d9352602d621c432d4d8e') in 0.008987 seconds
Number of updated asset objects reloaded before import = 0
Number of asset objects unloaded after import = 2
========================================================================
Received Import Request.
  Time since last request: 0.323903 seconds.
  path: Assets/8 Bit Retro Rampage Free/explosions/explosion_short_punchy_rnd_01.wav
  artifactKey: Guid(ea9bdfa0796bb734d901df5290f10cfc) Importer(815301076,1909f56bfc062723c751e8b465ee728b)
Start importing Assets/8 Bit Retro Rampage Free/explosions/explosion_short_punchy_rnd_01.wav using Guid(ea9bdfa0796bb734d901df5290f10cfc) Importer(815301076,1909f56bfc062723c751e8b465ee728b)  -> (artifact id: 'a6d92689bc3344832ee4d17c1b8b0674') in 0.006395 seconds
Number of updated asset objects reloaded before import = 0
Number of asset objects unloaded after import = 2
========================================================================
Received Import Request.
  Time since last request: 6.591969 seconds.
  path: Assets/8 Bit Retro Rampage Free/ambience/bird_tweet_01.wav
  artifactKey: Guid(b0be79f72e03c524d9d6f20e420768af) Importer(815301076,1909f56bfc062723c751e8b465ee728b)
Start importing Assets/8 Bit Retro Rampage Free/ambience/bird_tweet_01.wav using Guid(b0be79f72e03c524d9d6f20e420768af) Importer(815301076,1909f56bfc062723c751e8b465ee728b)  -> (artifact id: '0fe0e45d1931c87d237ddf357cf6e6d5') in 0.006657 seconds
Number of updated asset objects reloaded before import = 0
Number of asset objects unloaded after import = 2
========================================================================
Received Prepare
Begin MonoManager ReloadAssembly
- Loaded All Assemblies, in  0.731 seconds
Refreshing native plugins compatible for Editor in 6.50 ms, found 4 plugins.
Native extension for WindowsStandalone target not found
Native extension for iOS target not found
Native extension for Android target not found
[Package Manager] Server::EnsureServerProcessIsRunning -- launch failed, reason: Unity was launched with the -noUpm command-line argument
[Package Manager] UpmClient::Send -- Unable to send message (not connected to UPM process).
[Package Manager] Cannot connect to Unity Package Manager local server
Mono: successfully reloaded assembly
- Finished resetting the current domain, in  2.330 seconds
Domain Reload Profiling: 3055ms
	BeginReloadAssembly (218ms)
		ExecutionOrderSort (0ms)
		DisableScriptedObjects (13ms)
		BackupInstance (0ms)
		ReleaseScriptingObjects (0ms)
		CreateAndSetChildDomain (59ms)
	RebuildCommonClasses (40ms)
	RebuildNativeTypeToScriptingClass (14ms)
	initialDomainReloadingComplete (44ms)
	LoadAllAssembliesAndSetupDomain (409ms)
		LoadAssemblies (445ms)
		RebuildTransferFunctionScriptingTraits (0ms)
		AnalyzeDomain (73ms)
			TypeCache.Refresh (7ms)
				TypeCache.ScanAssembly (0ms)
			ScanForSourceGeneratedMonoScriptInfo (0ms)
			ResolveRequiredComponents (65ms)
	FinalizeReload (2331ms)
		ReleaseScriptCaches (0ms)
		RebuildScriptCaches (0ms)
		SetupLoadedEditorAssemblies (1150ms)
			LogAssemblyErrors (0ms)
			InitializePlatformSupportModulesInManaged (70ms)
			SetLoadedEditorAssemblies (11ms)
			RefreshPlugins (0ms)
			BeforeProcessingInitializeOnLoad (152ms)
			ProcessInitializeOnLoadAttributes (800ms)
			ProcessInitializeOnLoadMethodAttributes (106ms)
			AfterProcessingInitializeOnLoad (12ms)
			EditorAssembliesLoaded (0ms)
		ExecutionOrderSort2 (0ms)
		AwakeInstancesAfterBackupRestoration (23ms)
Refreshing native plugins compatible for Editor in 8.90 ms, found 4 plugins.
Preloading 0 native plugins for Editor in 0.00 ms.
Unloading 5815 Unused Serialized files (Serialized files now loaded: 0)
Unloading 66 unused Assets / (0.9 MB). Loaded Objects now: 6450.
Memory consumption went from 211.1 MB to 210.2 MB.
Total: 7.086500 ms (FindLiveObjects: 0.716300 ms CreateObjectMapping: 0.980900 ms MarkObjects: 4.647700 ms  DeleteObjects: 0.740100 ms)

Prepare: number of updated asset objects reloaded= 0
AssetImportParameters requested are different than current active one (requested -> active):
  custom:container-demuxer-ogg: 62fdf1f143b41e24485cea50d1cbac27 -> 
  custom:video-decoder-ogg-theora: a1e56fd34408186e4bbccfd4996cb3dc -> 
  custom:framework-win-MediaFoundation: 216162199b28c13a410421893ffa2e32 -> 
  custom:CustomObjectIndexerAttribute: 62b5816608c3102f162a1797e29626cf -> 
  custom:container-demuxer-webm: 4f35f7cbe854078d1ac9338744f61a02 -> 
  custom:container-muxer-webm: aa71ff27fc2769a1b78a27578f13a17b -> 
  custom:video-decoder-webm-vp8: 9c59270c3fd7afecdb556c50c9e8de78 -> 
  custom:SearchIndexIgnoredProperties: e643bd26f0fe6173181afceb89e7c659 -> 
  custom:AudioImporter_EditorPlatform: d09bf68614088b80899f8185d706f6e7 -> 
  custom:video-encoder-webm-vp8: eb34c28f22e8b96e1ab97ce403110664 -> 
  custom:audio-decoder-ogg-vorbis: bf7c407c2cedff20999df2af8eb42d56 -> 
  custom:audio-encoder-webm-vorbis: bf7c407c2cedff20999df2af8eb42d56 -> 
========================================================================
Received Import Request.
  Time since last request: 5013.384552 seconds.
  path: Assets/Mixer.mixer
  artifactKey: Guid(6461a48556913b4479a159b2e268b1c3) Importer(815301076,1909f56bfc062723c751e8b465ee728b)
Start importing Assets/Mixer.mixer using Guid(6461a48556913b4479a159b2e268b1c3) Importer(815301076,1909f56bfc062723c751e8b465ee728b) Refreshing native plugins compatible for Editor in 9.55 ms, found 4 plugins.
Preloading 0 native plugins for Editor in 0.00 ms.
 -> (artifact id: '10a512404d34284e16ed8e5d992de0b8') in 0.042184 seconds
Number of updated asset objects reloaded before import = 0
Number of asset objects unloaded after import = 4
========================================================================
Received Import Request.
  Time since last request: 16.485506 seconds.
  path: Assets/Mixer.mixer
  artifactKey: Guid(6461a48556913b4479a159b2e268b1c3) Importer(815301076,1909f56bfc062723c751e8b465ee728b)
Start importing Assets/Mixer.mixer using Guid(6461a48556913b4479a159b2e268b1c3) Importer(815301076,1909f56bfc062723c751e8b465ee728b) Refreshing native plugins compatible for Editor in 6.89 ms, found 4 plugins.
Preloading 0 native plugins for Editor in 0.00 ms.
 -> (artifact id: 'ed0a23e113767901800741625f89a57a') in 0.011621 seconds
Number of updated asset objects reloaded before import = 0
Number of asset objects unloaded after import = 6
========================================================================
Received Import Request.
  Time since last request: 4.838833 seconds.
  path: Assets/Mixer.mixer
  artifactKey: Guid(6461a48556913b4479a159b2e268b1c3) Importer(815301076,1909f56bfc062723c751e8b465ee728b)
Start importing Assets/Mixer.mixer using Guid(6461a48556913b4479a159b2e268b1c3) Importer(815301076,1909f56bfc062723c751e8b465ee728b) Refreshing native plugins compatible for Editor in 8.95 ms, found 4 plugins.
Preloading 0 native plugins for Editor in 0.00 ms.
 -> (artifact id: '7d538a8398b3f73b5047d2c99551516d') in 0.014824 seconds
Number of updated asset objects reloaded before import = 0
Number of asset objects unloaded after import = 6
========================================================================
Received Import Request.
  Time since last request: 3.288812 seconds.
  path: Assets/Mixer.mixer
  artifactKey: Guid(6461a48556913b4479a159b2e268b1c3) Importer(815301076,1909f56bfc062723c751e8b465ee728b)
Start importing Assets/Mixer.mixer using Guid(6461a48556913b4479a159b2e268b1c3) Importer(815301076,1909f56bfc062723c751e8b465ee728b) Refreshing native plugins compatible for Editor in 8.44 ms, found 4 plugins.
Preloading 0 native plugins for Editor in 0.00 ms.
 -> (artifact id: 'd219facfa8e0e1284f75051a89892e4d') in 0.012601 seconds
Number of updated asset objects reloaded before import = 0
Number of asset objects unloaded after import = 8
========================================================================
Received Import Request.
  Time since last request: 28.742606 seconds.
  path: Assets/Mixer.mixer
  artifactKey: Guid(6461a48556913b4479a159b2e268b1c3) Importer(815301076,1909f56bfc062723c751e8b465ee728b)
Start importing Assets/Mixer.mixer using Guid(6461a48556913b4479a159b2e268b1c3) Importer(815301076,1909f56bfc062723c751e8b465ee728b) Refreshing native plugins compatible for Editor in 10.18 ms, found 4 plugins.
Preloading 0 native plugins for Editor in 0.00 ms.
 -> (artifact id: '3961f7e2572a6298e339eca2e1d2e424') in 0.014624 seconds
Number of updated asset objects reloaded before import = 0
Number of asset objects unloaded after import = 8
========================================================================
Received Import Request.
  Time since last request: 5.895163 seconds.
  path: Assets/Mixer.mixer
  artifactKey: Guid(6461a48556913b4479a159b2e268b1c3) Importer(815301076,1909f56bfc062723c751e8b465ee728b)
Start importing Assets/Mixer.mixer using Guid(6461a48556913b4479a159b2e268b1c3) Importer(815301076,1909f56bfc062723c751e8b465ee728b) Refreshing native plugins compatible for Editor in 6.53 ms, found 4 plugins.
Preloading 0 native plugins for Editor in 0.00 ms.
 -> (artifact id: 'cf09d5b9bcd1362fe491f0b5d38c149c') in 0.010766 seconds
Number of updated asset objects reloaded before import = 0
Number of asset objects unloaded after import = 10
========================================================================
Received Import Request.
  Time since last request: 10.036287 seconds.
  path: Assets/Mixer.mixer
  artifactKey: Guid(6461a48556913b4479a159b2e268b1c3) Importer(815301076,1909f56bfc062723c751e8b465ee728b)
Start importing Assets/Mixer.mixer using Guid(6461a48556913b4479a159b2e268b1c3) Importer(815301076,1909f56bfc062723c751e8b465ee728b) Refreshing native plugins compatible for Editor in 8.39 ms, found 4 plugins.
Preloading 0 native plugins for Editor in 0.00 ms.
 -> (artifact id: 'a1c3d27494a64e01d4b6b7e05c9d14cc') in 0.012626 seconds
Number of updated asset objects reloaded before import = 0
Number of asset objects unloaded after import = 10
========================================================================
Received Import Request.
  Time since last request: 11.161088 seconds.
  path: Assets/Mixer.mixer
  artifactKey: Guid(6461a48556913b4479a159b2e268b1c3) Importer(815301076,1909f56bfc062723c751e8b465ee728b)
Start importing Assets/Mixer.mixer using Guid(6461a48556913b4479a159b2e268b1c3) Importer(815301076,1909f56bfc062723c751e8b465ee728b) Refreshing native plugins compatible for Editor in 9.21 ms, found 4 plugins.
Preloading 0 native plugins for Editor in 0.00 ms.
 -> (artifact id: '7ab030b61583e246bb4a1223973ff05b') in 0.013736 seconds
Number of updated asset objects reloaded before import = 0
Number of asset objects unloaded after import = 10
========================================================================
Received Import Request.
  Time since last request: 104.795411 seconds.
  path: Assets/Mixer.mixer
  artifactKey: Guid(6461a48556913b4479a159b2e268b1c3) Importer(815301076,1909f56bfc062723c751e8b465ee728b)
Start importing Assets/Mixer.mixer using Guid(6461a48556913b4479a159b2e268b1c3) Importer(815301076,1909f56bfc062723c751e8b465ee728b) Refreshing native plugins compatible for Editor in 7.67 ms, found 4 plugins.
Preloading 0 native plugins for Editor in 0.00 ms.
 -> (artifact id: '200aded3eb1c6981acfb97622a49af19') in 0.014658 seconds
Number of updated asset objects reloaded before import = 0
Number of asset objects unloaded after import = 10
========================================================================
Received Import Request.
  Time since last request: 5.542826 seconds.
  path: Assets/Mixer.mixer
  artifactKey: Guid(6461a48556913b4479a159b2e268b1c3) Importer(815301076,1909f56bfc062723c751e8b465ee728b)
Start importing Assets/Mixer.mixer using Guid(6461a48556913b4479a159b2e268b1c3) Importer(815301076,1909f56bfc062723c751e8b465ee728b) Refreshing native plugins compatible for Editor in 6.83 ms, found 4 plugins.
Preloading 0 native plugins for Editor in 0.00 ms.
 -> (artifact id: '1c2e7c34348d3623d46272ba4786f51b') in 0.012310 seconds
Number of updated asset objects reloaded before import = 0
Number of asset objects unloaded after import = 12
========================================================================
Received Import Request.
  Time since last request: 6.415525 seconds.
  path: Assets/Mixer.mixer
  artifactKey: Guid(6461a48556913b4479a159b2e268b1c3) Importer(815301076,1909f56bfc062723c751e8b465ee728b)
Start importing Assets/Mixer.mixer using Guid(6461a48556913b4479a159b2e268b1c3) Importer(815301076,1909f56bfc062723c751e8b465ee728b) Refreshing native plugins compatible for Editor in 9.47 ms, found 4 plugins.
Preloading 0 native plugins for Editor in 0.00 ms.
 -> (artifact id: 'd901cad72adbfefea89dee51d7043253') in 0.016315 seconds
Number of updated asset objects reloaded before import = 0
Number of asset objects unloaded after import = 12
========================================================================
Received Prepare
Begin MonoManager ReloadAssembly
- Loaded All Assemblies, in  0.854 seconds
Refreshing native plugins compatible for Editor in 6.58 ms, found 4 plugins.
Native extension for WindowsStandalone target not found
Native extension for iOS target not found
Native extension for Android target not found
[Package Manager] Server::EnsureServerProcessIsRunning -- launch failed, reason: Unity was launched with the -noUpm command-line argument
[Package Manager] UpmClient::Send -- Unable to send message (not connected to UPM process).
[Package Manager] Cannot connect to Unity Package Manager local server
Mono: successfully reloaded assembly
- Finished resetting the current domain, in  4.427 seconds
Domain Reload Profiling: 5276ms
	BeginReloadAssembly (236ms)
		ExecutionOrderSort (0ms)
		DisableScriptedObjects (15ms)
		BackupInstance (0ms)
		ReleaseScriptingObjects (0ms)
		CreateAndSetChildDomain (60ms)
	RebuildCommonClasses (42ms)
	RebuildNativeTypeToScriptingClass (17ms)
	initialDomainReloadingComplete (45ms)
	LoadAllAssembliesAndSetupDomain (508ms)
		LoadAssemblies (607ms)
		RebuildTransferFunctionScriptingTraits (0ms)
		AnalyzeDomain (24ms)
			TypeCache.Refresh (7ms)
				TypeCache.ScanAssembly (0ms)
			ScanForSourceGeneratedMonoScriptInfo (0ms)
			ResolveRequiredComponents (16ms)
	FinalizeReload (4428ms)
		ReleaseScriptCaches (0ms)
		RebuildScriptCaches (0ms)
		SetupLoadedEditorAssemblies (1348ms)
			LogAssemblyErrors (0ms)
			InitializePlatformSupportModulesInManaged (65ms)
			SetLoadedEditorAssemblies (8ms)
			RefreshPlugins (0ms)
			BeforeProcessingInitializeOnLoad (176ms)
			ProcessInitializeOnLoadAttributes (950ms)
			ProcessInitializeOnLoadMethodAttributes (134ms)
			AfterProcessingInitializeOnLoad (13ms)
			EditorAssembliesLoaded (1ms)
		ExecutionOrderSort2 (0ms)
		AwakeInstancesAfterBackupRestoration (29ms)
Refreshing native plugins compatible for Editor in 9.49 ms, found 4 plugins.
Preloading 0 native plugins for Editor in 0.00 ms.
Unloading 5815 Unused Serialized files (Serialized files now loaded: 0)
Unloading 66 unused Assets / (0.9 MB). Loaded Objects now: 6467.
Memory consumption went from 213.4 MB to 212.5 MB.
Total: 7.632200 ms (FindLiveObjects: 1.170100 ms CreateObjectMapping: 0.750200 ms MarkObjects: 5.173800 ms  DeleteObjects: 0.536700 ms)

Prepare: number of updated asset objects reloaded= 0
AssetImportParameters requested are different than current active one (requested -> active):
  custom:container-demuxer-ogg: 62fdf1f143b41e24485cea50d1cbac27 -> 
  custom:video-decoder-ogg-theora: a1e56fd34408186e4bbccfd4996cb3dc -> 
  custom:framework-win-MediaFoundation: 216162199b28c13a410421893ffa2e32 -> 
  custom:CustomObjectIndexerAttribute: 62b5816608c3102f162a1797e29626cf -> 
  custom:container-demuxer-webm: 4f35f7cbe854078d1ac9338744f61a02 -> 
  custom:container-muxer-webm: aa71ff27fc2769a1b78a27578f13a17b -> 
  custom:video-decoder-webm-vp8: 9c59270c3fd7afecdb556c50c9e8de78 -> 
  custom:SearchIndexIgnoredProperties: e643bd26f0fe6173181afceb89e7c659 -> 
  custom:AudioImporter_EditorPlatform: d09bf68614088b80899f8185d706f6e7 -> 
  custom:video-encoder-webm-vp8: eb34c28f22e8b96e1ab97ce403110664 -> 
  custom:audio-decoder-ogg-vorbis: bf7c407c2cedff20999df2af8eb42d56 -> 
  custom:audio-encoder-webm-vorbis: bf7c407c2cedff20999df2af8eb42d56 -> 
========================================================================
Received Prepare
Begin MonoManager ReloadAssembly
- Loaded All Assemblies, in  0.940 seconds
Refreshing native plugins compatible for Editor in 7.62 ms, found 4 plugins.
Native extension for WindowsStandalone target not found
Native extension for iOS target not found
Native extension for Android target not found
[Package Manager] Server::EnsureServerProcessIsRunning -- launch failed, reason: Unity was launched with the -noUpm command-line argument
[Package Manager] UpmClient::Send -- Unable to send message (not connected to UPM process).
[Package Manager] Cannot connect to Unity Package Manager local server
Mono: successfully reloaded assembly
- Finished resetting the current domain, in  2.172 seconds
Domain Reload Profiling: 3101ms
	BeginReloadAssembly (252ms)
		ExecutionOrderSort (0ms)
		DisableScriptedObjects (15ms)
		BackupInstance (0ms)
		ReleaseScriptingObjects (0ms)
		CreateAndSetChildDomain (58ms)
	RebuildCommonClasses (70ms)
	RebuildNativeTypeToScriptingClass (27ms)
	initialDomainReloadingComplete (71ms)
	LoadAllAssembliesAndSetupDomain (509ms)
		LoadAssemblies (623ms)
		RebuildTransferFunctionScriptingTraits (0ms)
		AnalyzeDomain (24ms)
			TypeCache.Refresh (7ms)
				TypeCache.ScanAssembly (0ms)
			ScanForSourceGeneratedMonoScriptInfo (0ms)
			ResolveRequiredComponents (16ms)
	FinalizeReload (2173ms)
		ReleaseScriptCaches (0ms)
		RebuildScriptCaches (0ms)
		SetupLoadedEditorAssemblies (986ms)
			LogAssemblyErrors (0ms)
			InitializePlatformSupportModulesInManaged (52ms)
			SetLoadedEditorAssemblies (6ms)
			RefreshPlugins (0ms)
			BeforeProcessingInitializeOnLoad (129ms)
			ProcessInitializeOnLoadAttributes (699ms)
			ProcessInitializeOnLoadMethodAttributes (87ms)
			AfterProcessingInitializeOnLoad (13ms)
			EditorAssembliesLoaded (1ms)
		ExecutionOrderSort2 (0ms)
		AwakeInstancesAfterBackupRestoration (26ms)
Refreshing native plugins compatible for Editor in 9.07 ms, found 4 plugins.
Preloading 0 native plugins for Editor in 0.00 ms.
Unloading 5815 Unused Serialized files (Serialized files now loaded: 0)
Unloading 66 unused Assets / (0.9 MB). Loaded Objects now: 6484.
Memory consumption went from 215.4 MB to 214.4 MB.
Total: 5.786400 ms (FindLiveObjects: 0.631000 ms CreateObjectMapping: 0.660600 ms MarkObjects: 4.034100 ms  DeleteObjects: 0.459800 ms)

Prepare: number of updated asset objects reloaded= 0
AssetImportParameters requested are different than current active one (requested -> active):
  custom:container-demuxer-ogg: 62fdf1f143b41e24485cea50d1cbac27 -> 
  custom:video-decoder-ogg-theora: a1e56fd34408186e4bbccfd4996cb3dc -> 
  custom:framework-win-MediaFoundation: 216162199b28c13a410421893ffa2e32 -> 
  custom:CustomObjectIndexerAttribute: 62b5816608c3102f162a1797e29626cf -> 
  custom:container-demuxer-webm: 4f35f7cbe854078d1ac9338744f61a02 -> 
  custom:container-muxer-webm: aa71ff27fc2769a1b78a27578f13a17b -> 
  custom:video-decoder-webm-vp8: 9c59270c3fd7afecdb556c50c9e8de78 -> 
  custom:SearchIndexIgnoredProperties: e643bd26f0fe6173181afceb89e7c659 -> 
  custom:AudioImporter_EditorPlatform: d09bf68614088b80899f8185d706f6e7 -> 
  custom:video-encoder-webm-vp8: eb34c28f22e8b96e1ab97ce403110664 -> 
  custom:audio-decoder-ogg-vorbis: bf7c407c2cedff20999df2af8eb42d56 -> 
  custom:audio-encoder-webm-vorbis: bf7c407c2cedff20999df2af8eb42d56 -> 
========================================================================
Received Import Request.
  Time since last request: 239.615530 seconds.
  path: Assets/8 Bit Retro Rampage Free/UI/button_press
  artifactKey: Guid(9fde3b0c5bc184c418108cc3b98eccc4) Importer(815301076,1909f56bfc062723c751e8b465ee728b)
Start importing Assets/8 Bit Retro Rampage Free/UI/button_press using Guid(9fde3b0c5bc184c418108cc3b98eccc4) Importer(815301076,1909f56bfc062723c751e8b465ee728b)  -> (artifact id: '8863c5947c6cb62c2f0cede4a0225a09') in 0.002405 seconds
Number of updated asset objects reloaded before import = 0
Number of asset objects unloaded after import = 0
========================================================================
Received Import Request.
  Time since last request: 1.195373 seconds.
  path: Assets/8 Bit Retro Rampage Free/UI/button_press/button_press_01.wav
  artifactKey: Guid(79d686dc7f909834691f6923ed48c64d) Importer(815301076,1909f56bfc062723c751e8b465ee728b)
Start importing Assets/8 Bit Retro Rampage Free/UI/button_press/button_press_01.wav using Guid(79d686dc7f909834691f6923ed48c64d) Importer(815301076,1909f56bfc062723c751e8b465ee728b)  -> (artifact id: '70a43d4e4ef9e181a2ec9f2473734f2e') in 0.053151 seconds
Number of updated asset objects reloaded before import = 0
Number of asset objects unloaded after import = 2
========================================================================
Received Import Request.
  Time since last request: 2.492762 seconds.
  path: Assets/8 Bit Retro Rampage Free/UI/button_press/button_press_02.wav
  artifactKey: Guid(bbc2224d20e94f34f82c5d4149e72506) Importer(815301076,1909f56bfc062723c751e8b465ee728b)
Start importing Assets/8 Bit Retro Rampage Free/UI/button_press/button_press_02.wav using Guid(bbc2224d20e94f34f82c5d4149e72506) Importer(815301076,1909f56bfc062723c751e8b465ee728b)  -> (artifact id: 'b7482f4ee46bdcac99ea37033eba1906') in 0.007519 seconds
Number of updated asset objects reloaded before import = 0
Number of asset objects unloaded after import = 2
========================================================================
Received Import Request.
  Time since last request: 8.244375 seconds.
  path: Assets/8 Bit Retro Rampage Free/UI/collect
  artifactKey: Guid(d74bea4251809e040940fe99a20a538a) Importer(815301076,1909f56bfc062723c751e8b465ee728b)
Start importing Assets/8 Bit Retro Rampage Free/UI/collect using Guid(d74bea4251809e040940fe99a20a538a) Importer(815301076,1909f56bfc062723c751e8b465ee728b)  -> (artifact id: '49d4407b898ff5830337ec338d5c0163') in 0.000682 seconds
Number of updated asset objects reloaded before import = 0
Number of asset objects unloaded after import = 0
========================================================================
Received Import Request.
  Time since last request: 1.095943 seconds.
  path: Assets/8 Bit Retro Rampage Free/UI/collect/coin_collect_01.wav
  artifactKey: Guid(669aed2029866204d894db8639075056) Importer(815301076,1909f56bfc062723c751e8b465ee728b)
Start importing Assets/8 Bit Retro Rampage Free/UI/collect/coin_collect_01.wav using Guid(669aed2029866204d894db8639075056) Importer(815301076,1909f56bfc062723c751e8b465ee728b)  -> (artifact id: 'b28632628ce90d7a3da745e98a175319') in 0.007889 seconds
Number of updated asset objects reloaded before import = 0
Number of asset objects unloaded after import = 2
========================================================================
Received Import Request.
  Time since last request: 2.406936 seconds.
  path: Assets/8 Bit Retro Rampage Free/UI/collect/collect_01.wav
  artifactKey: Guid(2b17cb68a6c8cc84a8bae0b83b8cd695) Importer(815301076,1909f56bfc062723c751e8b465ee728b)
Start importing Assets/8 Bit Retro Rampage Free/UI/collect/collect_01.wav using Guid(2b17cb68a6c8cc84a8bae0b83b8cd695) Importer(815301076,1909f56bfc062723c751e8b465ee728b)  -> (artifact id: '4d7b84ee072e1eaa239d416385c31620') in 0.009359 seconds
Number of updated asset objects reloaded before import = 0
Number of asset objects unloaded after import = 2
========================================================================
Received Prepare
Begin MonoManager ReloadAssembly
- Loaded All Assemblies, in  0.723 seconds
Refreshing native plugins compatible for Editor in 6.75 ms, found 4 plugins.
Native extension for WindowsStandalone target not found
Native extension for iOS target not found
Native extension for Android target not found
[Package Manager] Server::EnsureServerProcessIsRunning -- launch failed, reason: Unity was launched with the -noUpm command-line argument
[Package Manager] UpmClient::Send -- Unable to send message (not connected to UPM process).
[Package Manager] Cannot connect to Unity Package Manager local server
Mono: successfully reloaded assembly
- Finished resetting the current domain, in  2.467 seconds
Domain Reload Profiling: 3185ms
	BeginReloadAssembly (218ms)
		ExecutionOrderSort (0ms)
		DisableScriptedObjects (13ms)
		BackupInstance (0ms)
		ReleaseScriptingObjects (0ms)
		CreateAndSetChildDomain (54ms)
	RebuildCommonClasses (56ms)
	RebuildNativeTypeToScriptingClass (15ms)
	initialDomainReloadingComplete (40ms)
	LoadAllAssembliesAndSetupDomain (388ms)
		LoadAssemblies (474ms)
		RebuildTransferFunctionScriptingTraits (0ms)
		AnalyzeDomain (25ms)
			TypeCache.Refresh (7ms)
				TypeCache.ScanAssembly (0ms)
			ScanForSourceGeneratedMonoScriptInfo (0ms)
			ResolveRequiredComponents (17ms)
	FinalizeReload (2468ms)
		ReleaseScriptCaches (0ms)
		RebuildScriptCaches (0ms)
		SetupLoadedEditorAssemblies (1223ms)
			LogAssemblyErrors (0ms)
			InitializePlatformSupportModulesInManaged (68ms)
			SetLoadedEditorAssemblies (9ms)
			RefreshPlugins (0ms)
			BeforeProcessingInitializeOnLoad (171ms)
			ProcessInitializeOnLoadAttributes (846ms)
			ProcessInitializeOnLoadMethodAttributes (118ms)
			AfterProcessingInitializeOnLoad (12ms)
			EditorAssembliesLoaded (0ms)
		ExecutionOrderSort2 (0ms)
		AwakeInstancesAfterBackupRestoration (24ms)
Refreshing native plugins compatible for Editor in 7.41 ms, found 4 plugins.
Preloading 0 native plugins for Editor in 0.00 ms.
Unloading 5815 Unused Serialized files (Serialized files now loaded: 0)
Unloading 66 unused Assets / (0.9 MB). Loaded Objects now: 6501.
Memory consumption went from 217.3 MB to 216.4 MB.
Total: 7.840300 ms (FindLiveObjects: 0.826000 ms CreateObjectMapping: 0.853500 ms MarkObjects: 5.589200 ms  DeleteObjects: 0.570400 ms)

Prepare: number of updated asset objects reloaded= 0
AssetImportParameters requested are different than current active one (requested -> active):
  custom:container-demuxer-ogg: 62fdf1f143b41e24485cea50d1cbac27 -> 
  custom:video-decoder-ogg-theora: a1e56fd34408186e4bbccfd4996cb3dc -> 
  custom:framework-win-MediaFoundation: 216162199b28c13a410421893ffa2e32 -> 
  custom:CustomObjectIndexerAttribute: 62b5816608c3102f162a1797e29626cf -> 
  custom:container-demuxer-webm: 4f35f7cbe854078d1ac9338744f61a02 -> 
  custom:container-muxer-webm: aa71ff27fc2769a1b78a27578f13a17b -> 
  custom:video-decoder-webm-vp8: 9c59270c3fd7afecdb556c50c9e8de78 -> 
  custom:SearchIndexIgnoredProperties: e643bd26f0fe6173181afceb89e7c659 -> 
  custom:AudioImporter_EditorPlatform: d09bf68614088b80899f8185d706f6e7 -> 
  custom:video-encoder-webm-vp8: eb34c28f22e8b96e1ab97ce403110664 -> 
  custom:audio-decoder-ogg-vorbis: bf7c407c2cedff20999df2af8eb42d56 -> 
  custom:audio-encoder-webm-vorbis: bf7c407c2cedff20999df2af8eb42d56 -> 
========================================================================
Received Import Request.
  Time since last request: 160.851567 seconds.
  path: Assets/8 Bit Retro Rampage Free/explosions/explosion_soft_rnd_01.wav
  artifactKey: Guid(492a3ef2f4068bf4aa3a3f449a949a24) Importer(815301076,1909f56bfc062723c751e8b465ee728b)
Start importing Assets/8 Bit Retro Rampage Free/explosions/explosion_soft_rnd_01.wav using Guid(492a3ef2f4068bf4aa3a3f449a949a24) Importer(815301076,1909f56bfc062723c751e8b465ee728b)  -> (artifact id: '16487131bf7952bff57af858ef7177be') in 0.059439 seconds
Number of updated asset objects reloaded before import = 0
Number of asset objects unloaded after import = 2
========================================================================
Received Import Request.
  Time since last request: 19.231844 seconds.
  path: Assets/8 Bit Retro Rampage Free/objects/block_smash_rnd_01.wav
  artifactKey: Guid(827c0a858820367458799bae479d264a) Importer(815301076,1909f56bfc062723c751e8b465ee728b)
Start importing Assets/8 Bit Retro Rampage Free/objects/block_smash_rnd_01.wav using Guid(827c0a858820367458799bae479d264a) Importer(815301076,1909f56bfc062723c751e8b465ee728b)  -> (artifact id: '1d92750e7ccd41dbdeb71fb0af87f094') in 0.007548 seconds
Number of updated asset objects reloaded before import = 0
Number of asset objects unloaded after import = 2
========================================================================
Received Import Request.
  Time since last request: 0.883625 seconds.
  path: Assets/8 Bit Retro Rampage Free/objects/enemy_hit_01.wav
  artifactKey: Guid(ae87c38fedc94b94899ced0ba060a997) Importer(815301076,1909f56bfc062723c751e8b465ee728b)
Start importing Assets/8 Bit Retro Rampage Free/objects/enemy_hit_01.wav using Guid(ae87c38fedc94b94899ced0ba060a997) Importer(815301076,1909f56bfc062723c751e8b465ee728b)  -> (artifact id: 'd31ecb587fe179667ee7fa2e620d2347') in 0.007225 seconds
Number of updated asset objects reloaded before import = 0
Number of asset objects unloaded after import = 2
========================================================================
Received Import Request.
  Time since last request: 0.893483 seconds.
  path: Assets/8 Bit Retro Rampage Free/objects/phone_US_lp_01.wav
  artifactKey: Guid(dcb4c9c43bb20fe4982762230e6a1e3c) Importer(815301076,1909f56bfc062723c751e8b465ee728b)
Start importing Assets/8 Bit Retro Rampage Free/objects/phone_US_lp_01.wav using Guid(dcb4c9c43bb20fe4982762230e6a1e3c) Importer(815301076,1909f56bfc062723c751e8b465ee728b)  -> (artifact id: 'ac904f3ac802e8fed9b99fcf58141986') in 0.007197 seconds
Number of updated asset objects reloaded before import = 0
Number of asset objects unloaded after import = 2
========================================================================
Received Import Request.
  Time since last request: 0.533100 seconds.
  path: Assets/8 Bit Retro Rampage Free/objects/record_scratch_01.wav
  artifactKey: Guid(ab525bce4361ad44eabfda5edfc803fd) Importer(815301076,1909f56bfc062723c751e8b465ee728b)
Start importing Assets/8 Bit Retro Rampage Free/objects/record_scratch_01.wav using Guid(ab525bce4361ad44eabfda5edfc803fd) Importer(815301076,1909f56bfc062723c751e8b465ee728b)  -> (artifact id: '7ae932b18933a7d176321cc99414f6dd') in 0.007168 seconds
Number of updated asset objects reloaded before import = 0
Number of asset objects unloaded after import = 2
========================================================================
Received Import Request.
  Time since last request: 0.432367 seconds.
  path: Assets/8 Bit Retro Rampage Free/objects/servo_lp_01.wav
  artifactKey: Guid(027b2bc72f946a6499d55e717fe5a699) Importer(815301076,1909f56bfc062723c751e8b465ee728b)
Start importing Assets/8 Bit Retro Rampage Free/objects/servo_lp_01.wav using Guid(027b2bc72f946a6499d55e717fe5a699) Importer(815301076,1909f56bfc062723c751e8b465ee728b)  -> (artifact id: 'b76c36593f91d07d60272b2784362e7a') in 0.006871 seconds
Number of updated asset objects reloaded before import = 0
Number of asset objects unloaded after import = 2
========================================================================
Received Import Request.
  Time since last request: 0.411400 seconds.
  path: Assets/8 Bit Retro Rampage Free/objects/teleport_rnd_01.wav
  artifactKey: Guid(e1462d984a4859a488f1c9e3ede1d276) Importer(815301076,1909f56bfc062723c751e8b465ee728b)
Start importing Assets/8 Bit Retro Rampage Free/objects/teleport_rnd_01.wav using Guid(e1462d984a4859a488f1c9e3ede1d276) Importer(815301076,1909f56bfc062723c751e8b465ee728b)  -> (artifact id: 'dc1f9e68d5619074d785911c4ad8b488') in 0.007592 seconds
Number of updated asset objects reloaded before import = 0
Number of asset objects unloaded after import = 2
========================================================================
Received Import Request.
  Time since last request: 2.194209 seconds.
  path: Assets/8 Bit Retro Rampage Free/sport/crowd
  artifactKey: Guid(118f3e14daf28994093974e7cf48c75a) Importer(815301076,1909f56bfc062723c751e8b465ee728b)
Start importing Assets/8 Bit Retro Rampage Free/sport/crowd using Guid(118f3e14daf28994093974e7cf48c75a) Importer(815301076,1909f56bfc062723c751e8b465ee728b)  -> (artifact id: '35d8d97be2024e6108650633bb55b32c') in 0.000832 seconds
Number of updated asset objects reloaded before import = 0
Number of asset objects unloaded after import = 0
========================================================================
Received Import Request.
  Time since last request: 6.220550 seconds.
  path: Assets/8 Bit Retro Rampage Free/UI/magic/magic_01.wav
  artifactKey: Guid(7a87aa526dcc1de49b2d9866cb3dd78c) Importer(815301076,1909f56bfc062723c751e8b465ee728b)
Start importing Assets/8 Bit Retro Rampage Free/UI/magic/magic_01.wav using Guid(7a87aa526dcc1de49b2d9866cb3dd78c) Importer(815301076,1909f56bfc062723c751e8b465ee728b)  -> (artifact id: '69c5a791ddc1ba18b61f7ec371367ab3') in 0.007290 seconds
Number of updated asset objects reloaded before import = 0
Number of asset objects unloaded after import = 2
========================================================================
Received Import Request.
  Time since last request: 9.734982 seconds.
  path: Assets/8 Bit Retro Rampage Free/UI/error/error_01.wav
  artifactKey: Guid(49148fc9d244c90419e21d53f91f0614) Importer(815301076,1909f56bfc062723c751e8b465ee728b)
Start importing Assets/8 Bit Retro Rampage Free/UI/error/error_01.wav using Guid(49148fc9d244c90419e21d53f91f0614) Importer(815301076,1909f56bfc062723c751e8b465ee728b)  -> (artifact id: 'efce3dfe2b082f55faff09915809a063') in 0.008391 seconds
Number of updated asset objects reloaded before import = 0
Number of asset objects unloaded after import = 2
========================================================================
Received Import Request.
  Time since last request: 5.884664 seconds.
  path: Assets/8 Bit Retro Rampage Free/UI/powerup/powerup_01.wav
  artifactKey: Guid(46f5277c164ad38459f4e3f7019d6854) Importer(815301076,1909f56bfc062723c751e8b465ee728b)
Start importing Assets/8 Bit Retro Rampage Free/UI/powerup/powerup_01.wav using Guid(46f5277c164ad38459f4e3f7019d6854) Importer(815301076,1909f56bfc062723c751e8b465ee728b)  -> (artifact id: '6a5f3a18885bb70b3881976128e0c915') in 0.007408 seconds
Number of updated asset objects reloaded before import = 0
Number of asset objects unloaded after import = 2
========================================================================
Received Import Request.
  Time since last request: 3.434366 seconds.
  path: Assets/8 Bit Retro Rampage Free/UI/score/score_01.wav
  artifactKey: Guid(58d9aef7bb918b14cb8b2e98d34b4b10) Importer(815301076,1909f56bfc062723c751e8b465ee728b)
Start importing Assets/8 Bit Retro Rampage Free/UI/score/score_01.wav using Guid(58d9aef7bb918b14cb8b2e98d34b4b10) Importer(815301076,1909f56bfc062723c751e8b465ee728b)  -> (artifact id: '629fc572a57e45e698c2c4c99d00a987') in 0.007800 seconds
Number of updated asset objects reloaded before import = 0
Number of asset objects unloaded after import = 2
========================================================================
Received Import Request.
  Time since last request: 1.516093 seconds.
  path: Assets/8 Bit Retro Rampage Free/UI/score/score_tally_lp_01.wav
  artifactKey: Guid(e98fa4352823141448d643f19a37cbe8) Importer(815301076,1909f56bfc062723c751e8b465ee728b)
Start importing Assets/8 Bit Retro Rampage Free/UI/score/score_tally_lp_01.wav using Guid(e98fa4352823141448d643f19a37cbe8) Importer(815301076,1909f56bfc062723c751e8b465ee728b)  -> (artifact id: 'a2a3d2ec6fd825dcc4da17173761a25a') in 0.008131 seconds
Number of updated asset objects reloaded before import = 0
Number of asset objects unloaded after import = 2
========================================================================
Received Import Request.
  Time since last request: 2.072516 seconds.
  path: Assets/8 Bit Retro Rampage Free/vehicles
  artifactKey: Guid(409ec38c7a5fcb64eb9d8ce0fc6bfc4d) Importer(815301076,1909f56bfc062723c751e8b465ee728b)
Start importing Assets/8 Bit Retro Rampage Free/vehicles using Guid(409ec38c7a5fcb64eb9d8ce0fc6bfc4d) Importer(815301076,1909f56bfc062723c751e8b465ee728b)  -> (artifact id: '1e5964638aeb7ce61bc1cef5673f2753') in 0.000759 seconds
Number of updated asset objects reloaded before import = 0
Number of asset objects unloaded after import = 0
========================================================================
Received Import Request.
  Time since last request: 3.527528 seconds.
  path: Assets/8 Bit Retro Rampage Free/vehicles/car_horn_lp_01.wav
  artifactKey: Guid(66dd573850bd1f74cae126f9467a813c) Importer(815301076,1909f56bfc062723c751e8b465ee728b)
Start importing Assets/8 Bit Retro Rampage Free/vehicles/car_horn_lp_01.wav using Guid(66dd573850bd1f74cae126f9467a813c) Importer(815301076,1909f56bfc062723c751e8b465ee728b)  -> (artifact id: '1efe4806121e642ae8aa883eeddf3b66') in 0.008419 seconds
Number of updated asset objects reloaded before import = 0
Number of asset objects unloaded after import = 2
========================================================================
Received Import Request.
  Time since last request: 1.833235 seconds.
  path: Assets/8 Bit Retro Rampage Free/vehicles/helicopter1_lp_01.wav
  artifactKey: Guid(8013ca40b513fee4e8c3deadc44c426b) Importer(815301076,1909f56bfc062723c751e8b465ee728b)
Start importing Assets/8 Bit Retro Rampage Free/vehicles/helicopter1_lp_01.wav using Guid(8013ca40b513fee4e8c3deadc44c426b) Importer(815301076,1909f56bfc062723c751e8b465ee728b)  -> (artifact id: 'bb33743e33f841b459f19c5bb220b780') in 0.007268 seconds
Number of updated asset objects reloaded before import = 0
Number of asset objects unloaded after import = 2
========================================================================
Received Import Request.
  Time since last request: 2.265265 seconds.
  path: Assets/8 Bit Retro Rampage Free/vehicles/police_siren_lp_02.wav
  artifactKey: Guid(5c89685012a33914eb05aa56141b827a) Importer(815301076,1909f56bfc062723c751e8b465ee728b)
Start importing Assets/8 Bit Retro Rampage Free/vehicles/police_siren_lp_02.wav using Guid(5c89685012a33914eb05aa56141b827a) Importer(815301076,1909f56bfc062723c751e8b465ee728b)  -> (artifact id: '746fec14e6c2a43fbc9e8a29460daa7c') in 0.007149 seconds
Number of updated asset objects reloaded before import = 0
Number of asset objects unloaded after import = 2
========================================================================
Received Import Request.
  Time since last request: 1.554501 seconds.
  path: Assets/8 Bit Retro Rampage Free/vehicles/prop_plane_lp_02.wav
  artifactKey: Guid(5ef65da9ff11eb54fa582f6ebeca7538) Importer(815301076,1909f56bfc062723c751e8b465ee728b)
Start importing Assets/8 Bit Retro Rampage Free/vehicles/prop_plane_lp_02.wav using Guid(5ef65da9ff11eb54fa582f6ebeca7538) Importer(815301076,1909f56bfc062723c751e8b465ee728b)  -> (artifact id: 'f5a28292c99cd56842c3c9e2aa8c29b4') in 0.006957 seconds
Number of updated asset objects reloaded before import = 0
Number of asset objects unloaded after import = 2
========================================================================
Received Import Request.
  Time since last request: 1.857566 seconds.
  path: Assets/8 Bit Retro Rampage Free/vehicles/rocket_lift_off_rnd_06.wav
  artifactKey: Guid(9089ed6ef9f5368498b1343b27c0b0b1) Importer(815301076,1909f56bfc062723c751e8b465ee728b)
Start importing Assets/8 Bit Retro Rampage Free/vehicles/rocket_lift_off_rnd_06.wav using Guid(9089ed6ef9f5368498b1343b27c0b0b1) Importer(815301076,1909f56bfc062723c751e8b465ee728b)  -> (artifact id: 'bd4f092bb4d1d7f9b752c6e4514a267b') in 0.007013 seconds
Number of updated asset objects reloaded before import = 0
Number of asset objects unloaded after import = 2
========================================================================
Received Import Request.
  Time since last request: 1.446862 seconds.
  path: Assets/8 Bit Retro Rampage Free/vehicles/rocket_whoosh_rnd_01.wav
  artifactKey: Guid(ef093340154046f499c3c9ecab4b24ed) Importer(815301076,1909f56bfc062723c751e8b465ee728b)
Start importing Assets/8 Bit Retro Rampage Free/vehicles/rocket_whoosh_rnd_01.wav using Guid(ef093340154046f499c3c9ecab4b24ed) Importer(815301076,1909f56bfc062723c751e8b465ee728b)  -> (artifact id: 'b9cec2cf875072b6d86c3395adf10697') in 0.007592 seconds
Number of updated asset objects reloaded before import = 0
Number of asset objects unloaded after import = 2
========================================================================
Received Import Request.
  Time since last request: 1.605450 seconds.
  path: Assets/8 Bit Retro Rampage Free/vehicles/tyre_skid_lp_01.wav
  artifactKey: Guid(f2a0860d4ef2f3d40a66202b56b32f0e) Importer(815301076,1909f56bfc062723c751e8b465ee728b)
Start importing Assets/8 Bit Retro Rampage Free/vehicles/tyre_skid_lp_01.wav using Guid(f2a0860d4ef2f3d40a66202b56b32f0e) Importer(815301076,1909f56bfc062723c751e8b465ee728b)  -> (artifact id: '7c27f91a47a4627202e3284d3ef16381') in 0.007231 seconds
Number of updated asset objects reloaded before import = 0
Number of asset objects unloaded after import = 2
========================================================================
Received Import Request.
  Time since last request: 2.005493 seconds.
  path: Assets/8 Bit Retro Rampage Free/vehicles/ufo_interior_lp_01.wav
  artifactKey: Guid(d3496b3963cd3bd4185d557379020863) Importer(815301076,1909f56bfc062723c751e8b465ee728b)
Start importing Assets/8 Bit Retro Rampage Free/vehicles/ufo_interior_lp_01.wav using Guid(d3496b3963cd3bd4185d557379020863) Importer(815301076,1909f56bfc062723c751e8b465ee728b)  -> (artifact id: 'b65bd144cca457bc42d9b83295a7dab7') in 0.011017 seconds
Number of updated asset objects reloaded before import = 0
Number of asset objects unloaded after import = 2
========================================================================
Received Import Request.
  Time since last request: 5.009381 seconds.
  path: Assets/8 Bit Retro Rampage Free/vocals/monster
  artifactKey: Guid(25809b68889ef9048970f659efdf66c6) Importer(815301076,1909f56bfc062723c751e8b465ee728b)
Start importing Assets/8 Bit Retro Rampage Free/vocals/monster using Guid(25809b68889ef9048970f659efdf66c6) Importer(815301076,1909f56bfc062723c751e8b465ee728b)  -> (artifact id: '77048b55b51e33ddf5e767531cc04c17') in 0.000980 seconds
Number of updated asset objects reloaded before import = 0
Number of asset objects unloaded after import = 0
========================================================================
Received Import Request.
  Time since last request: 15.617945 seconds.
  path: Assets/Nature Sounds Pack/Footstep/FootstepGrass02.wav
  artifactKey: Guid(8b07250d785236c49ba7e9a0e0bd85a2) Importer(815301076,1909f56bfc062723c751e8b465ee728b)
Start importing Assets/Nature Sounds Pack/Footstep/FootstepGrass02.wav using Guid(8b07250d785236c49ba7e9a0e0bd85a2) Importer(815301076,1909f56bfc062723c751e8b465ee728b)  -> (artifact id: 'cd182074abde84f1cca991f56edb2296') in 0.009713 seconds
Number of updated asset objects reloaded before import = 0
Number of asset objects unloaded after import = 2
========================================================================
Received Import Request.
  Time since last request: 145.513909 seconds.
  path: Assets/8-Bit RPG Adventure Music Pack v1.1/Tracks WAV
  artifactKey: Guid(4c49ecbda70d33f4b80f78005b808f59) Importer(815301076,1909f56bfc062723c751e8b465ee728b)
Start importing Assets/8-Bit RPG Adventure Music Pack v1.1/Tracks WAV using Guid(4c49ecbda70d33f4b80f78005b808f59) Importer(815301076,1909f56bfc062723c751e8b465ee728b)  -> (artifact id: '4e18481daef29c533126bcd144ae7078') in 0.001061 seconds
Number of updated asset objects reloaded before import = 0
Number of asset objects unloaded after import = 0
========================================================================
Received Import Request.
  Time since last request: 1.822715 seconds.
  path: Assets/8-Bit RPG Adventure Music Pack v1.1/Tracks WAV/Jingles+SFX
  artifactKey: Guid(a8bf731942902ec44b6e60d353eaf638) Importer(815301076,1909f56bfc062723c751e8b465ee728b)
Start importing Assets/8-Bit RPG Adventure Music Pack v1.1/Tracks WAV/Jingles+SFX using Guid(a8bf731942902ec44b6e60d353eaf638) Importer(815301076,1909f56bfc062723c751e8b465ee728b)  -> (artifact id: 'c5c1f18fe6ee346fd767b647ed5c9045') in 0.000698 seconds
Number of updated asset objects reloaded before import = 0
Number of asset objects unloaded after import = 0
========================================================================
Received Import Request.
  Time since last request: 0.375393 seconds.
  path: Assets/8-Bit RPG Adventure Music Pack v1.1/Tracks WAV/01 Get Ready for Adventure.wav
  artifactKey: Guid(ccad869fad961cf41ab8e4d1be870bc7) Importer(815301076,1909f56bfc062723c751e8b465ee728b)
Start importing Assets/8-Bit RPG Adventure Music Pack v1.1/Tracks WAV/01 Get Ready for Adventure.wav using Guid(ccad869fad961cf41ab8e4d1be870bc7) Importer(815301076,1909f56bfc062723c751e8b465ee728b)  -> (artifact id: 'd6f9706bc011b88622fd660ad5d9f7bf') in 0.007978 seconds
Number of updated asset objects reloaded before import = 0
Number of asset objects unloaded after import = 2
========================================================================
Received Import Request.
  Time since last request: 8.024619 seconds.
  path: Assets/8-Bit RPG Adventure Music Pack v1.1/Tracks WAV/02 Welcome to Town.wav
  artifactKey: Guid(510c33ca580a3c24ab2f050263ad4011) Importer(815301076,1909f56bfc062723c751e8b465ee728b)
Start importing Assets/8-Bit RPG Adventure Music Pack v1.1/Tracks WAV/02 Welcome to Town.wav using Guid(510c33ca580a3c24ab2f050263ad4011) Importer(815301076,1909f56bfc062723c751e8b465ee728b)  -> (artifact id: '54bfda457ad42979b20ffd1e53d3f471') in 0.006693 seconds
Number of updated asset objects reloaded before import = 0
Number of asset objects unloaded after import = 2
========================================================================
Received Import Request.
  Time since last request: 5.680473 seconds.
  path: Assets/8-Bit RPG Adventure Music Pack v1.1/Tracks WAV/03 Random Battle Encounter.wav
  artifactKey: Guid(bf8ad15327c244f4e853c393f11de03a) Importer(815301076,1909f56bfc062723c751e8b465ee728b)
Start importing Assets/8-Bit RPG Adventure Music Pack v1.1/Tracks WAV/03 Random Battle Encounter.wav using Guid(bf8ad15327c244f4e853c393f11de03a) Importer(815301076,1909f56bfc062723c751e8b465ee728b)  -> (artifact id: 'e036dc75b2322f8c8ca39c008a96b78b') in 0.007338 seconds
Number of updated asset objects reloaded before import = 0
Number of asset objects unloaded after import = 2
========================================================================
Received Import Request.
  Time since last request: 4.754332 seconds.
  path: Assets/8-Bit RPG Adventure Music Pack v1.1/Tracks WAV/04 Overworld.wav
  artifactKey: Guid(4cb1cedef0c7ff146a3173d6e0c8f1db) Importer(815301076,1909f56bfc062723c751e8b465ee728b)
Start importing Assets/8-Bit RPG Adventure Music Pack v1.1/Tracks WAV/04 Overworld.wav using Guid(4cb1cedef0c7ff146a3173d6e0c8f1db) Importer(815301076,1909f56bfc062723c751e8b465ee728b)  -> (artifact id: '1a9fd4cbd488e109601c8fcd5499c6ec') in 0.006859 seconds
Number of updated asset objects reloaded before import = 0
Number of asset objects unloaded after import = 2
========================================================================
Received Import Request.
  Time since last request: 2.931132 seconds.
  path: Assets/8-Bit RPG Adventure Music Pack v1.1/Tracks WAV/05 Into the Dungeon.wav
  artifactKey: Guid(741a07d6afb087d4d847aafa0978801a) Importer(815301076,1909f56bfc062723c751e8b465ee728b)
Start importing Assets/8-Bit RPG Adventure Music Pack v1.1/Tracks WAV/05 Into the Dungeon.wav using Guid(741a07d6afb087d4d847aafa0978801a) Importer(815301076,1909f56bfc062723c751e8b465ee728b)  -> (artifact id: '86c922792352dca420604400c36107fb') in 0.006956 seconds
Number of updated asset objects reloaded before import = 0
Number of asset objects unloaded after import = 2
========================================================================
Received Import Request.
  Time since last request: 3.261175 seconds.
  path: Assets/8-Bit RPG Adventure Music Pack v1.1/Tracks WAV/06 Battle for the Fate of the World.wav
  artifactKey: Guid(01a46e9fcad6fa24d96f919a50d9d170) Importer(815301076,1909f56bfc062723c751e8b465ee728b)
Start importing Assets/8-Bit RPG Adventure Music Pack v1.1/Tracks WAV/06 Battle for the Fate of the World.wav using Guid(01a46e9fcad6fa24d96f919a50d9d170) Importer(815301076,1909f56bfc062723c751e8b465ee728b)  -> (artifact id: '59d8202f5eb2eae94aa4eaaeb3391736') in 0.007551 seconds
Number of updated asset objects reloaded before import = 0
Number of asset objects unloaded after import = 2
========================================================================
Received Import Request.
  Time since last request: 3.832666 seconds.
  path: Assets/8-Bit RPG Adventure Music Pack v1.1/Tracks WAV/07 Celebrating Victory.wav
  artifactKey: Guid(d0521d72fde0b514496092039cf266c4) Importer(815301076,1909f56bfc062723c751e8b465ee728b)
Start importing Assets/8-Bit RPG Adventure Music Pack v1.1/Tracks WAV/07 Celebrating Victory.wav using Guid(d0521d72fde0b514496092039cf266c4) Importer(815301076,1909f56bfc062723c751e8b465ee728b)  -> (artifact id: 'c6069806e830273f55d8278b29180286') in 0.007547 seconds
Number of updated asset objects reloaded before import = 0
Number of asset objects unloaded after import = 2
========================================================================
Received Prepare
Begin MonoManager ReloadAssembly
- Loaded All Assemblies, in  0.707 seconds
Refreshing native plugins compatible for Editor in 6.73 ms, found 4 plugins.
Native extension for WindowsStandalone target not found
Native extension for iOS target not found
Native extension for Android target not found
[Package Manager] Server::EnsureServerProcessIsRunning -- launch failed, reason: Unity was launched with the -noUpm command-line argument
[Package Manager] UpmClient::Send -- Unable to send message (not connected to UPM process).
[Package Manager] Cannot connect to Unity Package Manager local server
Mono: successfully reloaded assembly
- Finished resetting the current domain, in  2.493 seconds
Domain Reload Profiling: 3195ms
	BeginReloadAssembly (219ms)
		ExecutionOrderSort (0ms)
		DisableScriptedObjects (14ms)
		BackupInstance (0ms)
		ReleaseScriptingObjects (0ms)
		CreateAndSetChildDomain (58ms)
	RebuildCommonClasses (41ms)
	RebuildNativeTypeToScriptingClass (15ms)
	initialDomainReloadingComplete (43ms)
	LoadAllAssembliesAndSetupDomain (384ms)
		LoadAssemblies (469ms)
		RebuildTransferFunctionScriptingTraits (0ms)
		AnalyzeDomain (24ms)
			TypeCache.Refresh (7ms)
				TypeCache.ScanAssembly (0ms)
			ScanForSourceGeneratedMonoScriptInfo (0ms)
			ResolveRequiredComponents (16ms)
	FinalizeReload (2494ms)
		ReleaseScriptCaches (0ms)
		RebuildScriptCaches (0ms)
		SetupLoadedEditorAssemblies (1308ms)
			LogAssemblyErrors (0ms)
			InitializePlatformSupportModulesInManaged (70ms)
			SetLoadedEditorAssemblies (11ms)
			RefreshPlugins (0ms)
			BeforeProcessingInitializeOnLoad (187ms)
			ProcessInitializeOnLoadAttributes (905ms)
			ProcessInitializeOnLoadMethodAttributes (121ms)
			AfterProcessingInitializeOnLoad (14ms)
			EditorAssembliesLoaded (1ms)
		ExecutionOrderSort2 (0ms)
		AwakeInstancesAfterBackupRestoration (27ms)
Refreshing native plugins compatible for Editor in 9.41 ms, found 4 plugins.
Preloading 0 native plugins for Editor in 0.00 ms.
Unloading 5815 Unused Serialized files (Serialized files now loaded: 0)
Unloading 66 unused Assets / (0.9 MB). Loaded Objects now: 6518.
Memory consumption went from 219.3 MB to 218.3 MB.
Total: 7.529600 ms (FindLiveObjects: 0.540100 ms CreateObjectMapping: 0.743200 ms MarkObjects: 5.572000 ms  DeleteObjects: 0.673300 ms)

Prepare: number of updated asset objects reloaded= 0
AssetImportParameters requested are different than current active one (requested -> active):
  custom:container-demuxer-ogg: 62fdf1f143b41e24485cea50d1cbac27 -> 
  custom:video-decoder-ogg-theora: a1e56fd34408186e4bbccfd4996cb3dc -> 
  custom:framework-win-MediaFoundation: 216162199b28c13a410421893ffa2e32 -> 
  custom:CustomObjectIndexerAttribute: 62b5816608c3102f162a1797e29626cf -> 
  custom:container-demuxer-webm: 4f35f7cbe854078d1ac9338744f61a02 -> 
  custom:container-muxer-webm: aa71ff27fc2769a1b78a27578f13a17b -> 
  custom:video-decoder-webm-vp8: 9c59270c3fd7afecdb556c50c9e8de78 -> 
  custom:SearchIndexIgnoredProperties: e643bd26f0fe6173181afceb89e7c659 -> 
  custom:AudioImporter_EditorPlatform: d09bf68614088b80899f8185d706f6e7 -> 
  custom:video-encoder-webm-vp8: eb34c28f22e8b96e1ab97ce403110664 -> 
  custom:audio-decoder-ogg-vorbis: bf7c407c2cedff20999df2af8eb42d56 -> 
  custom:audio-encoder-webm-vorbis: bf7c407c2cedff20999df2af8eb42d56 -> 
========================================================================
Received Prepare
Begin MonoManager ReloadAssembly
- Loaded All Assemblies, in  0.709 seconds
Refreshing native plugins compatible for Editor in 6.63 ms, found 4 plugins.
Native extension for WindowsStandalone target not found
Native extension for iOS target not found
Native extension for Android target not found
[Package Manager] Server::EnsureServerProcessIsRunning -- launch failed, reason: Unity was launched with the -noUpm command-line argument
[Package Manager] UpmClient::Send -- Unable to send message (not connected to UPM process).
[Package Manager] Cannot connect to Unity Package Manager local server
Mono: successfully reloaded assembly
- Finished resetting the current domain, in  2.927 seconds
Domain Reload Profiling: 3631ms
	BeginReloadAssembly (219ms)
		ExecutionOrderSort (0ms)
		DisableScriptedObjects (14ms)
		BackupInstance (0ms)
		ReleaseScriptingObjects (0ms)
		CreateAndSetChildDomain (56ms)
	RebuildCommonClasses (43ms)
	RebuildNativeTypeToScriptingClass (16ms)
	initialDomainReloadingComplete (42ms)
	LoadAllAssembliesAndSetupDomain (382ms)
		LoadAssemblies (468ms)
		RebuildTransferFunctionScriptingTraits (0ms)
		AnalyzeDomain (26ms)
			TypeCache.Refresh (8ms)
				TypeCache.ScanAssembly (0ms)
			ScanForSourceGeneratedMonoScriptInfo (0ms)
			ResolveRequiredComponents (16ms)
	FinalizeReload (2928ms)
		ReleaseScriptCaches (0ms)
		RebuildScriptCaches (0ms)
		SetupLoadedEditorAssemblies (1675ms)
			LogAssemblyErrors (0ms)
			InitializePlatformSupportModulesInManaged (181ms)
			SetLoadedEditorAssemblies (9ms)
			RefreshPlugins (0ms)
			BeforeProcessingInitializeOnLoad (222ms)
			ProcessInitializeOnLoadAttributes (1102ms)
			ProcessInitializeOnLoadMethodAttributes (141ms)
			AfterProcessingInitializeOnLoad (20ms)
			EditorAssembliesLoaded (1ms)
		ExecutionOrderSort2 (0ms)
		AwakeInstancesAfterBackupRestoration (42ms)
Refreshing native plugins compatible for Editor in 10.14 ms, found 4 plugins.
Preloading 0 native plugins for Editor in 0.00 ms.
Unloading 5815 Unused Serialized files (Serialized files now loaded: 0)
Unloading 66 unused Assets / (0.9 MB). Loaded Objects now: 6535.
Memory consumption went from 221.2 MB to 220.3 MB.
Total: 6.933700 ms (FindLiveObjects: 0.554400 ms CreateObjectMapping: 0.629100 ms MarkObjects: 5.244700 ms  DeleteObjects: 0.503900 ms)

Prepare: number of updated asset objects reloaded= 0
AssetImportParameters requested are different than current active one (requested -> active):
  custom:container-demuxer-ogg: 62fdf1f143b41e24485cea50d1cbac27 -> 
  custom:video-decoder-ogg-theora: a1e56fd34408186e4bbccfd4996cb3dc -> 
  custom:framework-win-MediaFoundation: 216162199b28c13a410421893ffa2e32 -> 
  custom:CustomObjectIndexerAttribute: 62b5816608c3102f162a1797e29626cf -> 
  custom:container-demuxer-webm: 4f35f7cbe854078d1ac9338744f61a02 -> 
  custom:container-muxer-webm: aa71ff27fc2769a1b78a27578f13a17b -> 
  custom:video-decoder-webm-vp8: 9c59270c3fd7afecdb556c50c9e8de78 -> 
  custom:SearchIndexIgnoredProperties: e643bd26f0fe6173181afceb89e7c659 -> 
  custom:AudioImporter_EditorPlatform: d09bf68614088b80899f8185d706f6e7 -> 
  custom:video-encoder-webm-vp8: eb34c28f22e8b96e1ab97ce403110664 -> 
  custom:audio-decoder-ogg-vorbis: bf7c407c2cedff20999df2af8eb42d56 -> 
  custom:audio-encoder-webm-vorbis: bf7c407c2cedff20999df2af8eb42d56 -> 
========================================================================
Received Prepare
Begin MonoManager ReloadAssembly
- Loaded All Assemblies, in  0.973 seconds
Refreshing native plugins compatible for Editor in 6.81 ms, found 4 plugins.
Native extension for WindowsStandalone target not found
Native extension for iOS target not found
Native extension for Android target not found
[Package Manager] Server::EnsureServerProcessIsRunning -- launch failed, reason: Unity was launched with the -noUpm command-line argument
[Package Manager] UpmClient::Send -- Unable to send message (not connected to UPM process).
[Package Manager] Cannot connect to Unity Package Manager local server
Mono: successfully reloaded assembly
- Finished resetting the current domain, in  2.120 seconds
Domain Reload Profiling: 3085ms
	BeginReloadAssembly (267ms)
		ExecutionOrderSort (0ms)
		DisableScriptedObjects (19ms)
		BackupInstance (0ms)
		ReleaseScriptingObjects (0ms)
		CreateAndSetChildDomain (69ms)
	RebuildCommonClasses (50ms)
	RebuildNativeTypeToScriptingClass (17ms)
	initialDomainReloadingComplete (48ms)
	LoadAllAssembliesAndSetupDomain (583ms)
		LoadAssemblies (643ms)
		RebuildTransferFunctionScriptingTraits (0ms)
		AnalyzeDomain (78ms)
			TypeCache.Refresh (17ms)
				TypeCache.ScanAssembly (1ms)
			ScanForSourceGeneratedMonoScriptInfo (41ms)
			ResolveRequiredComponents (20ms)
	FinalizeReload (2121ms)
		ReleaseScriptCaches (0ms)
		RebuildScriptCaches (0ms)
		SetupLoadedEditorAssemblies (907ms)
			LogAssemblyErrors (0ms)
			InitializePlatformSupportModulesInManaged (50ms)
			SetLoadedEditorAssemblies (8ms)
			RefreshPlugins (0ms)
			BeforeProcessingInitializeOnLoad (132ms)
			ProcessInitializeOnLoadAttributes (621ms)
			ProcessInitializeOnLoadMethodAttributes (86ms)
			AfterProcessingInitializeOnLoad (10ms)
			EditorAssembliesLoaded (0ms)
		ExecutionOrderSort2 (0ms)
		AwakeInstancesAfterBackupRestoration (20ms)
Refreshing native plugins compatible for Editor in 8.38 ms, found 4 plugins.
Preloading 0 native plugins for Editor in 0.00 ms.
Unloading 5815 Unused Serialized files (Serialized files now loaded: 0)
Unloading 66 unused Assets / (0.9 MB). Loaded Objects now: 6552.
Memory consumption went from 223.2 MB to 222.2 MB.
Total: 5.140200 ms (FindLiveObjects: 0.532600 ms CreateObjectMapping: 0.537000 ms MarkObjects: 3.593700 ms  DeleteObjects: 0.476000 ms)

Prepare: number of updated asset objects reloaded= 0
AssetImportParameters requested are different than current active one (requested -> active):
  custom:container-demuxer-ogg: 62fdf1f143b41e24485cea50d1cbac27 -> 
  custom:video-decoder-ogg-theora: a1e56fd34408186e4bbccfd4996cb3dc -> 
  custom:framework-win-MediaFoundation: 216162199b28c13a410421893ffa2e32 -> 
  custom:CustomObjectIndexerAttribute: 62b5816608c3102f162a1797e29626cf -> 
  custom:container-demuxer-webm: 4f35f7cbe854078d1ac9338744f61a02 -> 
  custom:container-muxer-webm: aa71ff27fc2769a1b78a27578f13a17b -> 
  custom:video-decoder-webm-vp8: 9c59270c3fd7afecdb556c50c9e8de78 -> 
  custom:SearchIndexIgnoredProperties: e643bd26f0fe6173181afceb89e7c659 -> 
  custom:AudioImporter_EditorPlatform: d09bf68614088b80899f8185d706f6e7 -> 
  custom:video-encoder-webm-vp8: eb34c28f22e8b96e1ab97ce403110664 -> 
  custom:audio-decoder-ogg-vorbis: bf7c407c2cedff20999df2af8eb42d56 -> 
  custom:audio-encoder-webm-vorbis: bf7c407c2cedff20999df2af8eb42d56 -> 
========================================================================
Received Import Request.
  Time since last request: 606.909074 seconds.
  path: Assets/Footsteps - Essentials/Footsteps_DirtyGround/Footsteps_DirtyGround_Land
  artifactKey: Guid(c6ee03d779942364d9444964c0b7b4a8) Importer(815301076,1909f56bfc062723c751e8b465ee728b)
Start importing Assets/Footsteps - Essentials/Footsteps_DirtyGround/Footsteps_DirtyGround_Land using Guid(c6ee03d779942364d9444964c0b7b4a8) Importer(815301076,1909f56bfc062723c751e8b465ee728b)  -> (artifact id: '17d8ff9523ae4b17740626d09bc51fc0') in 0.003932 seconds
Number of updated asset objects reloaded before import = 0
Number of asset objects unloaded after import = 0
========================================================================
Received Import Request.
  Time since last request: 1.218583 seconds.
  path: Assets/Footsteps - Essentials/Footsteps_DirtyGround/Footsteps_DirtyGround_Land/Footsteps_DirtyGround_Jump_Land_01.wav
  artifactKey: Guid(7131d701ae015a54aa3d856feccd513f) Importer(815301076,1909f56bfc062723c751e8b465ee728b)
Start importing Assets/Footsteps - Essentials/Footsteps_DirtyGround/Footsteps_DirtyGround_Land/Footsteps_DirtyGround_Jump_Land_01.wav using Guid(7131d701ae015a54aa3d856feccd513f) Importer(815301076,1909f56bfc062723c751e8b465ee728b)  -> (artifact id: '151f2d738b37f4dd78d053af44b82415') in 0.053919 seconds
Number of updated asset objects reloaded before import = 0
Number of asset objects unloaded after import = 2
========================================================================
Received Import Request.
  Time since last request: 2.339823 seconds.
  path: Assets/Footsteps - Essentials/Footsteps_DirtyGround/Footsteps_DirtyGround_Land/Footsteps_DirtyGround_Jump_Land_02.wav
  artifactKey: Guid(942019cf9ecd5854ebeb343b12b7f779) Importer(815301076,1909f56bfc062723c751e8b465ee728b)
Start importing Assets/Footsteps - Essentials/Footsteps_DirtyGround/Footsteps_DirtyGround_Land/Footsteps_DirtyGround_Jump_Land_02.wav using Guid(942019cf9ecd5854ebeb343b12b7f779) Importer(815301076,1909f56bfc062723c751e8b465ee728b)  -> (artifact id: '23946329eda7e0ed1c95e25a3694c796') in 0.010625 seconds
Number of updated asset objects reloaded before import = 0
Number of asset objects unloaded after import = 2
========================================================================
Received Import Request.
  Time since last request: 1.433040 seconds.
  path: Assets/Footsteps - Essentials/Footsteps_DirtyGround/Footsteps_DirtyGround_Land/Footsteps_DirtyGround_Jump_Land_03.wav
  artifactKey: Guid(1a88f429c4a7b734f9c4254f0c654cea) Importer(815301076,1909f56bfc062723c751e8b465ee728b)
Start importing Assets/Footsteps - Essentials/Footsteps_DirtyGround/Footsteps_DirtyGround_Land/Footsteps_DirtyGround_Jump_Land_03.wav using Guid(1a88f429c4a7b734f9c4254f0c654cea) Importer(815301076,1909f56bfc062723c751e8b465ee728b)  -> (artifact id: 'e8568d720fccf7215fa329baea03e875') in 0.009877 seconds
Number of updated asset objects reloaded before import = 0
Number of asset objects unloaded after import = 2
========================================================================
Received Import Request.
  Time since last request: 1.485639 seconds.
  path: Assets/Footsteps - Essentials/Footsteps_DirtyGround/Footsteps_DirtyGround_Land/Footsteps_DirtyGround_Jump_Start_01.wav
  artifactKey: Guid(665f92bb69e46a94a8caf3717dbb0d5e) Importer(815301076,1909f56bfc062723c751e8b465ee728b)
Start importing Assets/Footsteps - Essentials/Footsteps_DirtyGround/Footsteps_DirtyGround_Land/Footsteps_DirtyGround_Jump_Start_01.wav using Guid(665f92bb69e46a94a8caf3717dbb0d5e) Importer(815301076,1909f56bfc062723c751e8b465ee728b)  -> (artifact id: '8195d4a857ceeb768f33f01125aa8ce4') in 0.008882 seconds
Number of updated asset objects reloaded before import = 0
Number of asset objects unloaded after import = 2
========================================================================
Received Import Request.
  Time since last request: 2.539295 seconds.
  path: Assets/Footsteps - Essentials/Footsteps_DirtyGround/Footsteps_DirtyGround_Land/Footsteps_DirtyGround_Jump_Start_02.wav
  artifactKey: Guid(8802544ed0324a14095edc70ab3bbab1) Importer(815301076,1909f56bfc062723c751e8b465ee728b)
Start importing Assets/Footsteps - Essentials/Footsteps_DirtyGround/Footsteps_DirtyGround_Land/Footsteps_DirtyGround_Jump_Start_02.wav using Guid(8802544ed0324a14095edc70ab3bbab1) Importer(815301076,1909f56bfc062723c751e8b465ee728b)  -> (artifact id: 'f00b7749ceecf7ab1fcf43ca4e5649d4') in 0.009701 seconds
Number of updated asset objects reloaded before import = 0
Number of asset objects unloaded after import = 2
========================================================================
Received Import Request.
  Time since last request: 1.502955 seconds.
  path: Assets/Footsteps - Essentials/Footsteps_DirtyGround/Footsteps_DirtyGround_Land/Footsteps_DirtyGround_Jump_Start_03.wav
  artifactKey: Guid(65d9836027675574b8d070c5718f99c7) Importer(815301076,1909f56bfc062723c751e8b465ee728b)
Start importing Assets/Footsteps - Essentials/Footsteps_DirtyGround/Footsteps_DirtyGround_Land/Footsteps_DirtyGround_Jump_Start_03.wav using Guid(65d9836027675574b8d070c5718f99c7) Importer(815301076,1909f56bfc062723c751e8b465ee728b)  -> (artifact id: '1466f06ab4a7b3dcd671753419cab8b0') in 0.009664 seconds
Number of updated asset objects reloaded before import = 0
Number of asset objects unloaded after import = 2
========================================================================
Received Import Request.
  Time since last request: 3.407188 seconds.
  path: Assets/Footsteps - Essentials/Footsteps_DirtyGround/Footsteps_DirtyGround_Run/Footsteps_DirtyGround_Run_01.wav
  artifactKey: Guid(9e68ea1ebd76aa44c8cfa5beb9850830) Importer(815301076,1909f56bfc062723c751e8b465ee728b)
Start importing Assets/Footsteps - Essentials/Footsteps_DirtyGround/Footsteps_DirtyGround_Run/Footsteps_DirtyGround_Run_01.wav using Guid(9e68ea1ebd76aa44c8cfa5beb9850830) Importer(815301076,1909f56bfc062723c751e8b465ee728b)  -> (artifact id: '62cd3a8c22a0d023baf9e9716c9842ad') in 0.008440 seconds
Number of updated asset objects reloaded before import = 0
Number of asset objects unloaded after import = 2
========================================================================
Received Import Request.
  Time since last request: 2.282959 seconds.
  path: Assets/Footsteps - Essentials/Footsteps_DirtyGround/Footsteps_DirtyGround_Run/Footsteps_DirtyGround_Run_02.wav
  artifactKey: Guid(1deb201b8bf8f89479323a74e421150b) Importer(815301076,1909f56bfc062723c751e8b465ee728b)
Start importing Assets/Footsteps - Essentials/Footsteps_DirtyGround/Footsteps_DirtyGround_Run/Footsteps_DirtyGround_Run_02.wav using Guid(1deb201b8bf8f89479323a74e421150b) Importer(815301076,1909f56bfc062723c751e8b465ee728b)  -> (artifact id: 'bd1f061bc629e8dd971bd2c88080367b') in 0.008917 seconds
Number of updated asset objects reloaded before import = 0
Number of asset objects unloaded after import = 2
========================================================================
Received Import Request.
  Time since last request: 1.518862 seconds.
  path: Assets/Footsteps - Essentials/Footsteps_DirtyGround/Footsteps_DirtyGround_Run/Footsteps_DirtyGround_Run_03.wav
  artifactKey: Guid(7c518e8469a403b4c981664ecb28a79a) Importer(815301076,1909f56bfc062723c751e8b465ee728b)
Start importing Assets/Footsteps - Essentials/Footsteps_DirtyGround/Footsteps_DirtyGround_Run/Footsteps_DirtyGround_Run_03.wav using Guid(7c518e8469a403b4c981664ecb28a79a) Importer(815301076,1909f56bfc062723c751e8b465ee728b)  -> (artifact id: 'ebc222f9cb0767574c40fb10882aba50') in 0.009667 seconds
Number of updated asset objects reloaded before import = 0
Number of asset objects unloaded after import = 2
========================================================================
Received Import Request.
  Time since last request: 1.512807 seconds.
  path: Assets/Footsteps - Essentials/Footsteps_DirtyGround/Footsteps_DirtyGround_Run/Footsteps_DirtyGround_Run_04.wav
  artifactKey: Guid(1f2844efbf7abf647ba3d75d510f823a) Importer(815301076,1909f56bfc062723c751e8b465ee728b)
Start importing Assets/Footsteps - Essentials/Footsteps_DirtyGround/Footsteps_DirtyGround_Run/Footsteps_DirtyGround_Run_04.wav using Guid(1f2844efbf7abf647ba3d75d510f823a) Importer(815301076,1909f56bfc062723c751e8b465ee728b)  -> (artifact id: '908b9cc7b1c7a9d3496502be36a37b69') in 0.008598 seconds
Number of updated asset objects reloaded before import = 0
Number of asset objects unloaded after import = 2
========================================================================
Received Import Request.
  Time since last request: 1.656408 seconds.
  path: Assets/Footsteps - Essentials/Footsteps_DirtyGround/Footsteps_DirtyGround_Run/Footsteps_DirtyGround_Run_05.wav
  artifactKey: Guid(fa95ebee958fb0e41a42a832aab767eb) Importer(815301076,1909f56bfc062723c751e8b465ee728b)
Start importing Assets/Footsteps - Essentials/Footsteps_DirtyGround/Footsteps_DirtyGround_Run/Footsteps_DirtyGround_Run_05.wav using Guid(fa95ebee958fb0e41a42a832aab767eb) Importer(815301076,1909f56bfc062723c751e8b465ee728b)  -> (artifact id: '5d4a8b709a215653111c573c4ac6adc9') in 0.008161 seconds
Number of updated asset objects reloaded before import = 0
Number of asset objects unloaded after import = 2
========================================================================
Received Import Request.
  Time since last request: 2.089340 seconds.
  path: Assets/Footsteps - Essentials/Footsteps_DirtyGround/Footsteps_DirtyGround_Run/Footsteps_DirtyGround_Run_06.wav
  artifactKey: Guid(0cfeb72dea261a54cb7672590d2d1656) Importer(815301076,1909f56bfc062723c751e8b465ee728b)
Start importing Assets/Footsteps - Essentials/Footsteps_DirtyGround/Footsteps_DirtyGround_Run/Footsteps_DirtyGround_Run_06.wav using Guid(0cfeb72dea261a54cb7672590d2d1656) Importer(815301076,1909f56bfc062723c751e8b465ee728b)  -> (artifact id: '6be453612fa2763cac447e01a4efd06b') in 0.008775 seconds
Number of updated asset objects reloaded before import = 0
Number of asset objects unloaded after import = 2
========================================================================
Received Import Request.
  Time since last request: 0.472826 seconds.
  path: Assets/Footsteps - Essentials/Footsteps_DirtyGround/Footsteps_DirtyGround_Run/Footsteps_DirtyGround_Run_07.wav
  artifactKey: Guid(924e3e09c67130946a6d7b666e8b8b68) Importer(815301076,1909f56bfc062723c751e8b465ee728b)
Start importing Assets/Footsteps - Essentials/Footsteps_DirtyGround/Footsteps_DirtyGround_Run/Footsteps_DirtyGround_Run_07.wav using Guid(924e3e09c67130946a6d7b666e8b8b68) Importer(815301076,1909f56bfc062723c751e8b465ee728b)  -> (artifact id: 'ba1d9fe269bd34e78cbdc66351537504') in 0.040166 seconds
Number of updated asset objects reloaded before import = 0
Number of asset objects unloaded after import = 2
========================================================================
Received Import Request.
  Time since last request: 21.837244 seconds.
  path: Assets/Footsteps - Essentials/Footsteps_DirtyGround/Footsteps_DirtyGround_Walk/Footsteps_DirtyGround_Walk_01.wav
  artifactKey: Guid(9ea11a2d13d536e4e8441a0f5895995c) Importer(815301076,1909f56bfc062723c751e8b465ee728b)
Start importing Assets/Footsteps - Essentials/Footsteps_DirtyGround/Footsteps_DirtyGround_Walk/Footsteps_DirtyGround_Walk_01.wav using Guid(9ea11a2d13d536e4e8441a0f5895995c) Importer(815301076,1909f56bfc062723c751e8b465ee728b)  -> (artifact id: 'c42af8fc7d9a7e686f2f8db72a3acfb6') in 0.008740 seconds
Number of updated asset objects reloaded before import = 0
Number of asset objects unloaded after import = 2
========================================================================
Received Import Request.
  Time since last request: 2.146496 seconds.
  path: Assets/Footsteps - Essentials/Footsteps_DirtyGround/Footsteps_DirtyGround_Walk/Footsteps_DirtyGround_Walk_02.wav
  artifactKey: Guid(203ac8b6f07070e4f93f1c1a6fff06c3) Importer(815301076,1909f56bfc062723c751e8b465ee728b)
Start importing Assets/Footsteps - Essentials/Footsteps_DirtyGround/Footsteps_DirtyGround_Walk/Footsteps_DirtyGround_Walk_02.wav using Guid(203ac8b6f07070e4f93f1c1a6fff06c3) Importer(815301076,1909f56bfc062723c751e8b465ee728b)  -> (artifact id: 'd087602455015977337239d443b252a6') in 0.008371 seconds
Number of updated asset objects reloaded before import = 0
Number of asset objects unloaded after import = 2
========================================================================
Received Import Request.
  Time since last request: 1.718320 seconds.
  path: Assets/Footsteps - Essentials/Footsteps_DirtyGround/Footsteps_DirtyGround_Walk/Footsteps_DirtyGround_Walk_08.wav
  artifactKey: Guid(f1547ad8fbfa4f24d83e5a445aee860d) Importer(815301076,1909f56bfc062723c751e8b465ee728b)
Start importing Assets/Footsteps - Essentials/Footsteps_DirtyGround/Footsteps_DirtyGround_Walk/Footsteps_DirtyGround_Walk_08.wav using Guid(f1547ad8fbfa4f24d83e5a445aee860d) Importer(815301076,1909f56bfc062723c751e8b465ee728b)  -> (artifact id: '2de968020d807b4e56fa49186036dccd') in 0.008055 seconds
Number of updated asset objects reloaded before import = 0
Number of asset objects unloaded after import = 2
========================================================================
Received Import Request.
  Time since last request: 1.881074 seconds.
  path: Assets/Footsteps - Essentials/Footsteps_DirtyGround/Footsteps_DirtyGround_Walk
  artifactKey: Guid(34364a0d1aa79ed47affe711d45cb8ab) Importer(815301076,1909f56bfc062723c751e8b465ee728b)
Start importing Assets/Footsteps - Essentials/Footsteps_DirtyGround/Footsteps_DirtyGround_Walk using Guid(34364a0d1aa79ed47affe711d45cb8ab) Importer(815301076,1909f56bfc062723c751e8b465ee728b)  -> (artifact id: '0a134c9e055803ec918124ffd8315bd1') in 0.000838 seconds
Number of updated asset objects reloaded before import = 0
Number of asset objects unloaded after import = 0
========================================================================
Received Import Request.
  Time since last request: 2.994561 seconds.
  path: Assets/Footsteps - Essentials/Footsteps_Grass/Foley_Grass/Footsteps_Grass_Tall_Movement_01.wav
  artifactKey: Guid(ad5de75eeb6f27a49a13d399389a8f7b) Importer(815301076,1909f56bfc062723c751e8b465ee728b)
Start importing Assets/Footsteps - Essentials/Footsteps_Grass/Foley_Grass/Footsteps_Grass_Tall_Movement_01.wav using Guid(ad5de75eeb6f27a49a13d399389a8f7b) Importer(815301076,1909f56bfc062723c751e8b465ee728b)  -> (artifact id: '094c9ab1ad8cdeff57ccddf378dae577') in 0.009657 seconds
Number of updated asset objects reloaded before import = 0
Number of asset objects unloaded after import = 2
========================================================================
Received Prepare
Begin MonoManager ReloadAssembly
- Loaded All Assemblies, in  0.785 seconds
Refreshing native plugins compatible for Editor in 7.58 ms, found 4 plugins.
Native extension for WindowsStandalone target not found
Native extension for iOS target not found
Native extension for Android target not found
[Package Manager] Server::EnsureServerProcessIsRunning -- launch failed, reason: Unity was launched with the -noUpm command-line argument
[Package Manager] UpmClient::Send -- Unable to send message (not connected to UPM process).
[Package Manager] Cannot connect to Unity Package Manager local server
Mono: successfully reloaded assembly
- Finished resetting the current domain, in  2.254 seconds
Domain Reload Profiling: 3034ms
	BeginReloadAssembly (280ms)
		ExecutionOrderSort (0ms)
		DisableScriptedObjects (69ms)
		BackupInstance (0ms)
		ReleaseScriptingObjects (0ms)
		CreateAndSetChildDomain (57ms)
	RebuildCommonClasses (44ms)
	RebuildNativeTypeToScriptingClass (18ms)
	initialDomainReloadingComplete (43ms)
	LoadAllAssembliesAndSetupDomain (394ms)
		LoadAssemblies (479ms)
		RebuildTransferFunctionScriptingTraits (0ms)
		AnalyzeDomain (26ms)
			TypeCache.Refresh (8ms)
				TypeCache.ScanAssembly (0ms)
			ScanForSourceGeneratedMonoScriptInfo (0ms)
			ResolveRequiredComponents (16ms)
	FinalizeReload (2255ms)
		ReleaseScriptCaches (0ms)
		RebuildScriptCaches (0ms)
		SetupLoadedEditorAssemblies (1200ms)
			LogAssemblyErrors (0ms)
			InitializePlatformSupportModulesInManaged (54ms)
			SetLoadedEditorAssemblies (6ms)
			RefreshPlugins (0ms)
			BeforeProcessingInitializeOnLoad (153ms)
			ProcessInitializeOnLoadAttributes (834ms)
			ProcessInitializeOnLoadMethodAttributes (138ms)
			AfterProcessingInitializeOnLoad (13ms)
			EditorAssembliesLoaded (1ms)
		ExecutionOrderSort2 (0ms)
		AwakeInstancesAfterBackupRestoration (27ms)
Refreshing native plugins compatible for Editor in 9.29 ms, found 4 plugins.
Preloading 0 native plugins for Editor in 0.00 ms.
Unloading 5815 Unused Serialized files (Serialized files now loaded: 0)
Unloading 66 unused Assets / (0.9 MB). Loaded Objects now: 6569.
Memory consumption went from 225.2 MB to 224.3 MB.
Total: 7.628200 ms (FindLiveObjects: 0.806900 ms CreateObjectMapping: 0.802800 ms MarkObjects: 5.421200 ms  DeleteObjects: 0.595800 ms)

Prepare: number of updated asset objects reloaded= 0
AssetImportParameters requested are different than current active one (requested -> active):
  custom:container-demuxer-ogg: 62fdf1f143b41e24485cea50d1cbac27 -> 
  custom:video-decoder-ogg-theora: a1e56fd34408186e4bbccfd4996cb3dc -> 
  custom:framework-win-MediaFoundation: 216162199b28c13a410421893ffa2e32 -> 
  custom:CustomObjectIndexerAttribute: 62b5816608c3102f162a1797e29626cf -> 
  custom:container-demuxer-webm: 4f35f7cbe854078d1ac9338744f61a02 -> 
  custom:container-muxer-webm: aa71ff27fc2769a1b78a27578f13a17b -> 
  custom:video-decoder-webm-vp8: 9c59270c3fd7afecdb556c50c9e8de78 -> 
  custom:SearchIndexIgnoredProperties: e643bd26f0fe6173181afceb89e7c659 -> 
  custom:AudioImporter_EditorPlatform: d09bf68614088b80899f8185d706f6e7 -> 
  custom:video-encoder-webm-vp8: eb34c28f22e8b96e1ab97ce403110664 -> 
  custom:audio-decoder-ogg-vorbis: bf7c407c2cedff20999df2af8eb42d56 -> 
  custom:audio-encoder-webm-vorbis: bf7c407c2cedff20999df2af8eb42d56 -> 
========================================================================
Received Import Request.
  Time since last request: 118.076139 seconds.
  path: Assets/Mixer.mixer
  artifactKey: Guid(6461a48556913b4479a159b2e268b1c3) Importer(815301076,1909f56bfc062723c751e8b465ee728b)
Start importing Assets/Mixer.mixer using Guid(6461a48556913b4479a159b2e268b1c3) Importer(815301076,1909f56bfc062723c751e8b465ee728b) Refreshing native plugins compatible for Editor in 6.23 ms, found 4 plugins.
Preloading 0 native plugins for Editor in 0.00 ms.
 -> (artifact id: 'f9c65f04534ea3758a0552674adcc07b') in 0.024000 seconds
Number of updated asset objects reloaded before import = 0
Number of asset objects unloaded after import = 12
========================================================================
Received Prepare
Begin MonoManager ReloadAssembly
- Loaded All Assemblies, in  0.715 seconds
Refreshing native plugins compatible for Editor in 6.84 ms, found 4 plugins.
Native extension for WindowsStandalone target not found
Native extension for iOS target not found
Native extension for Android target not found
[Package Manager] Server::EnsureServerProcessIsRunning -- launch failed, reason: Unity was launched with the -noUpm command-line argument
[Package Manager] UpmClient::Send -- Unable to send message (not connected to UPM process).
[Package Manager] Cannot connect to Unity Package Manager local server
Mono: successfully reloaded assembly
- Finished resetting the current domain, in  2.971 seconds
Domain Reload Profiling: 3681ms
	BeginReloadAssembly (221ms)
		ExecutionOrderSort (0ms)
		DisableScriptedObjects (15ms)
		BackupInstance (0ms)
		ReleaseScriptingObjects (0ms)
		CreateAndSetChildDomain (53ms)
	RebuildCommonClasses (41ms)
	RebuildNativeTypeToScriptingClass (15ms)
	initialDomainReloadingComplete (44ms)
	LoadAllAssembliesAndSetupDomain (388ms)
		LoadAssemblies (474ms)
		RebuildTransferFunctionScriptingTraits (0ms)
		AnalyzeDomain (29ms)
			TypeCache.Refresh (7ms)
				TypeCache.ScanAssembly (0ms)
			ScanForSourceGeneratedMonoScriptInfo (0ms)
			ResolveRequiredComponents (19ms)
	FinalizeReload (2972ms)
		ReleaseScriptCaches (0ms)
		RebuildScriptCaches (0ms)
		SetupLoadedEditorAssemblies (1912ms)
			LogAssemblyErrors (0ms)
			InitializePlatformSupportModulesInManaged (158ms)
			SetLoadedEditorAssemblies (10ms)
			RefreshPlugins (0ms)
			BeforeProcessingInitializeOnLoad (286ms)
			ProcessInitializeOnLoadAttributes (1256ms)
			ProcessInitializeOnLoadMethodAttributes (186ms)
			AfterProcessingInitializeOnLoad (15ms)
			EditorAssembliesLoaded (0ms)
		ExecutionOrderSort2 (0ms)
		AwakeInstancesAfterBackupRestoration (30ms)
Refreshing native plugins compatible for Editor in 8.74 ms, found 4 plugins.
Preloading 0 native plugins for Editor in 0.00 ms.
Unloading 5815 Unused Serialized files (Serialized files now loaded: 0)
Unloading 66 unused Assets / (0.9 MB). Loaded Objects now: 6586.
Memory consumption went from 227.2 MB to 226.3 MB.
Total: 7.764300 ms (FindLiveObjects: 0.727200 ms CreateObjectMapping: 1.022800 ms MarkObjects: 5.237600 ms  DeleteObjects: 0.775400 ms)

Prepare: number of updated asset objects reloaded= 0
AssetImportParameters requested are different than current active one (requested -> active):
  custom:container-demuxer-ogg: 62fdf1f143b41e24485cea50d1cbac27 -> 
  custom:video-decoder-ogg-theora: a1e56fd34408186e4bbccfd4996cb3dc -> 
  custom:framework-win-MediaFoundation: 216162199b28c13a410421893ffa2e32 -> 
  custom:CustomObjectIndexerAttribute: 62b5816608c3102f162a1797e29626cf -> 
  custom:container-demuxer-webm: 4f35f7cbe854078d1ac9338744f61a02 -> 
  custom:container-muxer-webm: aa71ff27fc2769a1b78a27578f13a17b -> 
  custom:video-decoder-webm-vp8: 9c59270c3fd7afecdb556c50c9e8de78 -> 
  custom:SearchIndexIgnoredProperties: e643bd26f0fe6173181afceb89e7c659 -> 
  custom:AudioImporter_EditorPlatform: d09bf68614088b80899f8185d706f6e7 -> 
  custom:video-encoder-webm-vp8: eb34c28f22e8b96e1ab97ce403110664 -> 
  custom:audio-decoder-ogg-vorbis: bf7c407c2cedff20999df2af8eb42d56 -> 
  custom:audio-encoder-webm-vorbis: bf7c407c2cedff20999df2af8eb42d56 -> 
========================================================================
Received Prepare
Begin MonoManager ReloadAssembly
- Loaded All Assemblies, in  0.714 seconds
Refreshing native plugins compatible for Editor in 6.54 ms, found 4 plugins.
Native extension for WindowsStandalone target not found
Native extension for iOS target not found
Native extension for Android target not found
[Package Manager] Server::EnsureServerProcessIsRunning -- launch failed, reason: Unity was launched with the -noUpm command-line argument
[Package Manager] UpmClient::Send -- Unable to send message (not connected to UPM process).
[Package Manager] Cannot connect to Unity Package Manager local server
Mono: successfully reloaded assembly
- Finished resetting the current domain, in  2.464 seconds
Domain Reload Profiling: 3171ms
	BeginReloadAssembly (217ms)
		ExecutionOrderSort (0ms)
		DisableScriptedObjects (16ms)
		BackupInstance (0ms)
		ReleaseScriptingObjects (0ms)
		CreateAndSetChildDomain (53ms)
	RebuildCommonClasses (42ms)
	RebuildNativeTypeToScriptingClass (15ms)
	initialDomainReloadingComplete (44ms)
	LoadAllAssembliesAndSetupDomain (389ms)
		LoadAssemblies (474ms)
		RebuildTransferFunctionScriptingTraits (0ms)
		AnalyzeDomain (26ms)
			TypeCache.Refresh (8ms)
				TypeCache.ScanAssembly (0ms)
			ScanForSourceGeneratedMonoScriptInfo (0ms)
			ResolveRequiredComponents (16ms)
	FinalizeReload (2465ms)
		ReleaseScriptCaches (0ms)
		RebuildScriptCaches (0ms)
		SetupLoadedEditorAssemblies (1309ms)
			LogAssemblyErrors (0ms)
			InitializePlatformSupportModulesInManaged (69ms)
			SetLoadedEditorAssemblies (8ms)
			RefreshPlugins (0ms)
			BeforeProcessingInitializeOnLoad (180ms)
			ProcessInitializeOnLoadAttributes (910ms)
			ProcessInitializeOnLoadMethodAttributes (127ms)
			AfterProcessingInitializeOnLoad (14ms)
			EditorAssembliesLoaded (1ms)
		ExecutionOrderSort2 (0ms)
		AwakeInstancesAfterBackupRestoration (28ms)
Refreshing native plugins compatible for Editor in 8.33 ms, found 4 plugins.
Preloading 0 native plugins for Editor in 0.00 ms.
Unloading 5815 Unused Serialized files (Serialized files now loaded: 0)
Unloading 66 unused Assets / (0.9 MB). Loaded Objects now: 6603.
Memory consumption went from 229.2 MB to 228.2 MB.
Total: 9.308900 ms (FindLiveObjects: 1.096500 ms CreateObjectMapping: 0.877100 ms MarkObjects: 6.621100 ms  DeleteObjects: 0.712500 ms)

Prepare: number of updated asset objects reloaded= 0
AssetImportParameters requested are different than current active one (requested -> active):
  custom:container-demuxer-ogg: 62fdf1f143b41e24485cea50d1cbac27 -> 
  custom:video-decoder-ogg-theora: a1e56fd34408186e4bbccfd4996cb3dc -> 
  custom:framework-win-MediaFoundation: 216162199b28c13a410421893ffa2e32 -> 
  custom:CustomObjectIndexerAttribute: 62b5816608c3102f162a1797e29626cf -> 
  custom:container-demuxer-webm: 4f35f7cbe854078d1ac9338744f61a02 -> 
  custom:container-muxer-webm: aa71ff27fc2769a1b78a27578f13a17b -> 
  custom:video-decoder-webm-vp8: 9c59270c3fd7afecdb556c50c9e8de78 -> 
  custom:SearchIndexIgnoredProperties: e643bd26f0fe6173181afceb89e7c659 -> 
  custom:AudioImporter_EditorPlatform: d09bf68614088b80899f8185d706f6e7 -> 
  custom:video-encoder-webm-vp8: eb34c28f22e8b96e1ab97ce403110664 -> 
  custom:audio-decoder-ogg-vorbis: bf7c407c2cedff20999df2af8eb42d56 -> 
  custom:audio-encoder-webm-vorbis: bf7c407c2cedff20999df2af8eb42d56 -> 
